make[2]: *** [gtest/CMakeFiles/gtest.dir/build.make:63: gtest/CMakeFiles/gtest.dir/src/gtest-all.cc.o] Interrupt
make[2]: *** [CMakeFiles/nav2_lifecycle_manager_core.dir/build.make:76: CMakeFiles/nav2_lifecycle_manager_core.dir/src/lifecycle_manager_client.cpp.o] Interrupt
make[2]: *** wait: No child processes.  Stop.
make[2]: *** Waiting for unfinished jobs....
make[2]: *** wait: No child processes.  Stop.
make[1]: *** [CMakeFiles/Makefile2:316: gtest/CMakeFiles/gtest.dir/all] Interrupt
make[1]: *** [CMakeFiles/Makefile2:150: CMakeFiles/nav2_lifecycle_manager_core.dir/all] Error 2
make: *** [Makefile:141: all] Interrupt
