[0.508s] Invoking command in '/home/coderey/ros2_ws/build/nav2_util': AMENT_PREFIX_PATH=/home/coderey/ros2_ws/install/nav2_msgs:/home/coderey/ros2_ws/install/nav2_common:${AMENT_PREFIX_PATH} CMAKE_PREFIX_PATH=/home/coderey/ros2_ws/install/nav2_msgs:/home/coderey/ros2_ws/install/nav2_common:/home/coderey/ros2_ws/install/sam_bot_description:/home/coderey/ros2_ws/install/robot_localization:/home/coderey/ros2_ws/install/nav2_straightline_planner:/home/coderey/ros2_ws/install/nav2_gradient_costmap_plugin:/home/coderey/ros2_ws/install/nav2_costmap_filters_demo:/home/coderey/ros2_ws/install/marvelmind_ros2:/home/coderey/ros2_ws/install/marvelmind_ros2_msgs:/home/coderey/ros2_ws/install/groot:/home/coderey/microros_ws/install/micro_ros_demos_rclc:/home/coderey/microros_ws/install/common_interfaces:/home/coderey/microros_ws/install/visualization_msgs:/home/coderey/microros_ws/install/test_msgs:/home/coderey/microros_ws/install/example_interfaces:/home/coderey/microros_ws/install/action_msgs:/home/coderey/microros_ws/install/unique_identifier_msgs:/home/coderey/microros_ws/install/trajectory_msgs:/home/coderey/microros_ws/install/stereo_msgs:/home/coderey/microros_ws/install/std_srvs:/home/coderey/microros_ws/install/shape_msgs:/home/coderey/microros_ws/install/sensor_msgs:/home/coderey/microros_ws/install/nav_msgs:/home/coderey/microros_ws/install/diagnostic_msgs:/home/coderey/microros_ws/install/geometry_msgs:/home/coderey/microros_ws/install/drive_base_msgs:/home/coderey/microros_ws/install/actionlib_msgs:/home/coderey/microros_ws/install/std_msgs:/home/coderey/microros_ws/install/statistics_msgs:/home/coderey/microros_ws/install/rosidl_typesupport_microxrcedds_test_msg:/home/coderey/microros_ws/install/rosidl_typesupport_microxrcedds_cpp_tests:/home/coderey/microros_ws/install/rmw_microxrcedds:/home/coderey/microros_ws/install/rosidl_typesupport_microxrcedds_cpp:/home/coderey/microros_ws/install/rosidl_typesupport_microxrcedds_c_tests:/home/coderey/microros_ws/install/rosidl_typesupport_microxrcedds_c:/home/coderey/microros_ws/install/rosgraph_msgs:/home/coderey/microros_ws/install/rclc_parameter:/home/coderey/microros_ws/install/rclc:/home/coderey/microros_ws/install/composition_interfaces:/home/coderey/microros_ws/install/rcl_interfaces:/home/coderey/microros_ws/install/microxrcedds_client:/home/coderey/microros_ws/install/microcdr:/home/coderey/microros_ws/install/micro_ros_utilities:/home/coderey/microros_ws/install/micro_ros_setup:/home/coderey/microros_ws/install/micro_ros_agent:/home/coderey/microros_ws/install/micro_ros_msgs:/home/coderey/microros_ws/install/micro_ros_demos_rclcpp:/home/coderey/microros_ws/install/lifecycle_msgs:/home/coderey/microros_ws/install/complex_msgs:/home/coderey/microros_ws/install/builtin_interfaces:/home/coderey/ros2_ws/install/swisscat_robot:/home/coderey/ros2_ws/install/nav2_gps_waypoint_follower_demo:/home/coderey/ros2_ws/install/mob_rob_loca:/home/coderey/ros2_ws/install/bno055:/home/coderey/microros_ws/install/sensor_msgs_py:/opt/ros/galactic LD_LIBRARY_PATH=/home/coderey/ros2_ws/install/nav2_msgs/lib:${LD_LIBRARY_PATH} PYTHONPATH=/home/coderey/ros2_ws/install/nav2_msgs/lib/python3.8/site-packages:/home/coderey/ros2_ws/install/nav2_common/lib/python3.8/site-packages:${PYTHONPATH} /usr/bin/cmake /home/coderey/ros2_ws/src/navigation2/nav2_util -DCMAKE_INSTALL_PREFIX=/home/coderey/ros2_ws/install/nav2_util
[0.577s] -- The C compiler identification is GNU 9.4.0
[0.645s] -- The CXX compiler identification is GNU 9.4.0
[0.654s] -- Check for working C compiler: /usr/bin/cc
[0.745s] -- Check for working C compiler: /usr/bin/cc -- works
[0.746s] -- Detecting C compiler ABI info
[0.841s] -- Detecting C compiler ABI info - done
[0.860s] -- Detecting C compile features
[0.860s] -- Detecting C compile features - done
[0.864s] -- Check for working CXX compiler: /usr/bin/c++
[0.961s] -- Check for working CXX compiler: /usr/bin/c++ -- works
[0.965s] -- Detecting CXX compiler ABI info
[1.058s] -- Detecting CXX compiler ABI info - done
[1.072s] -- Detecting CXX compile features
[1.072s] -- Detecting CXX compile features - done
[1.079s] -- Found ament_cmake: 1.1.6 (/opt/ros/galactic/share/ament_cmake/cmake)
[1.121s] -- Found PythonInterp: /usr/bin/python3 (found suitable version "3.8.10", minimum required is "3") 
[1.121s] -- Using PYTHON_EXECUTABLE: /usr/bin/python3
[1.262s] -- Found nav2_common: 1.2.0 (/home/coderey/ros2_ws/install/nav2_common/share/nav2_common/cmake)
[1.263s] -- Found nav2_msgs: 1.2.0 (/home/coderey/ros2_ws/install/nav2_msgs/share/nav2_msgs/cmake)
[1.334s] -- Using all available rosidl_typesupport_c: rosidl_typesupport_microxrcedds_c;rosidl_typesupport_fastrtps_c;rosidl_typesupport_introspection_c
[1.361s] -- Found rosidl_adapter: 2.2.3 (/opt/ros/galactic/share/rosidl_adapter/cmake)
[1.541s] -- Found OpenSSL: /usr/lib/x86_64-linux-gnu/libcrypto.so (found version "1.1.1f")  
[1.605s] -- Found FastRTPS: /opt/ros/galactic/include  
[1.726s] -- Using all available rosidl_typesupport_cpp: rosidl_typesupport_microxrcedds_cpp;rosidl_typesupport_fastrtps_cpp;rosidl_typesupport_introspection_cpp
[2.418s] -- Found tf2_ros: 0.17.5 (/opt/ros/galactic/share/tf2_ros/cmake)
[2.527s] -- Found rmw_implementation_cmake: 3.3.1 (/opt/ros/galactic/share/rmw_implementation_cmake/cmake)
[2.536s] -- Found rmw_cyclonedds_cpp: 0.22.6 (/opt/ros/galactic/share/rmw_cyclonedds_cpp/cmake)
[2.563s] -- Using RMW implementation 'rmw_cyclonedds_cpp' as default
[2.564s] -- Looking for pthread.h
[2.658s] -- Looking for pthread.h - found
[2.659s] -- Performing Test CMAKE_HAVE_LIBC_PTHREAD
[2.751s] -- Performing Test CMAKE_HAVE_LIBC_PTHREAD - Failed
[2.751s] -- Looking for pthread_create in pthreads
[2.830s] -- Looking for pthread_create in pthreads - not found
[2.830s] -- Looking for pthread_create in pthread
[2.916s] -- Looking for pthread_create in pthread - found
[2.917s] -- Found Threads: TRUE  
[3.416s] -- Found tf2_geometry_msgs: 0.17.5 (/opt/ros/galactic/share/tf2_geometry_msgs/cmake)
[3.431s] -- Found eigen3_cmake_module: 0.1.1 (/opt/ros/galactic/share/eigen3_cmake_module/cmake)
[3.437s] -- Found Eigen3: TRUE (found version "3.3.7") 
[3.466s] -- Found lifecycle_msgs: 1.0.3 (/home/coderey/microros_ws/install/lifecycle_msgs/share/lifecycle_msgs/cmake)
[3.480s] -- Found rclcpp_lifecycle: 9.2.2 (/opt/ros/galactic/share/rclcpp_lifecycle/cmake)
[3.507s] -- Found bondcpp: 3.0.1 (/opt/ros/galactic/share/bondcpp/cmake)
[3.572s] -- Setting build type to Release as none was specified.
[3.618s] -- Found Boost: /usr/lib/x86_64-linux-gnu/cmake/Boost-1.71.0/BoostConfig.cmake (found version "1.71.0") found components: program_options 
[3.623s] -- Found ament_lint_auto: 0.10.7 (/opt/ros/galactic/share/ament_lint_auto/cmake)
[3.628s] -- Found ament_cmake_pytest: 1.1.6 (/opt/ros/galactic/share/ament_cmake_pytest/cmake)
[3.634s] -- Found launch_testing_ament_cmake: 0.17.2 (/opt/ros/galactic/share/launch_testing_ament_cmake/cmake)
[3.639s] -- Found python_cmake_module: 0.8.1 (/opt/ros/galactic/share/python_cmake_module/cmake)
[3.670s] -- Found PythonInterp: /usr/bin/python3 (found suitable version "3.8.10", minimum required is "3.5") 
[3.678s] -- Found PythonLibs: /usr/lib/x86_64-linux-gnu/libpython3.8.so (found suitable version "3.8.10", minimum required is "3.5") 
[3.678s] -- Using PYTHON_EXECUTABLE: /usr/bin/python3
[3.678s] -- Using PYTHON_INCLUDE_DIRS: /usr/include/python3.8
[3.678s] -- Using PYTHON_LIBRARIES: /usr/lib/x86_64-linux-gnu/libpython3.8.so
[3.710s] -- Found PythonExtra: .so  
[3.949s] -- Found gtest sources under '/opt/ros/galactic/src/gtest_vendor': C++ tests using 'Google Test' will be built
[3.951s] -- Check if compiler accepts -pthread
[4.042s] -- Check if compiler accepts -pthread - yes
[4.094s] -- Added test 'copyright' to check source files copyright and LICENSE
[4.098s] -- Added test 'cppcheck' to perform static code analysis on C / C++ code
[4.098s] -- Configured cppcheck include dirs: /home/coderey/ros2_ws/src/navigation2/nav2_util/include
[4.098s] -- Configured cppcheck exclude dirs and/or files: 
[4.101s] -- Added test 'cpplint' to check C / C++ code against the Google style
[4.101s] -- Configured cpplint exclude dirs and/or files: 
[4.102s] -- Added test 'lint_cmake' to check CMake code style
[4.105s] -- Added test 'uncrustify' to check C / C++ code style
[4.106s] -- Configured uncrustify additional arguments: 
[4.107s] -- Added test 'xmllint' to check XML markup files
[4.116s] -- Configuring done
[4.296s] -- Generating done
[4.300s] -- Build files have been written to: /home/coderey/ros2_ws/build/nav2_util
[4.313s] Invoked command in '/home/coderey/ros2_ws/build/nav2_util' returned '0': AMENT_PREFIX_PATH=/home/coderey/ros2_ws/install/nav2_msgs:/home/coderey/ros2_ws/install/nav2_common:${AMENT_PREFIX_PATH} CMAKE_PREFIX_PATH=/home/coderey/ros2_ws/install/nav2_msgs:/home/coderey/ros2_ws/install/nav2_common:/home/coderey/ros2_ws/install/sam_bot_description:/home/coderey/ros2_ws/install/robot_localization:/home/coderey/ros2_ws/install/nav2_straightline_planner:/home/coderey/ros2_ws/install/nav2_gradient_costmap_plugin:/home/coderey/ros2_ws/install/nav2_costmap_filters_demo:/home/coderey/ros2_ws/install/marvelmind_ros2:/home/coderey/ros2_ws/install/marvelmind_ros2_msgs:/home/coderey/ros2_ws/install/groot:/home/coderey/microros_ws/install/micro_ros_demos_rclc:/home/coderey/microros_ws/install/common_interfaces:/home/coderey/microros_ws/install/visualization_msgs:/home/coderey/microros_ws/install/test_msgs:/home/coderey/microros_ws/install/example_interfaces:/home/coderey/microros_ws/install/action_msgs:/home/coderey/microros_ws/install/unique_identifier_msgs:/home/coderey/microros_ws/install/trajectory_msgs:/home/coderey/microros_ws/install/stereo_msgs:/home/coderey/microros_ws/install/std_srvs:/home/coderey/microros_ws/install/shape_msgs:/home/coderey/microros_ws/install/sensor_msgs:/home/coderey/microros_ws/install/nav_msgs:/home/coderey/microros_ws/install/diagnostic_msgs:/home/coderey/microros_ws/install/geometry_msgs:/home/coderey/microros_ws/install/drive_base_msgs:/home/coderey/microros_ws/install/actionlib_msgs:/home/coderey/microros_ws/install/std_msgs:/home/coderey/microros_ws/install/statistics_msgs:/home/coderey/microros_ws/install/rosidl_typesupport_microxrcedds_test_msg:/home/coderey/microros_ws/install/rosidl_typesupport_microxrcedds_cpp_tests:/home/coderey/microros_ws/install/rmw_microxrcedds:/home/coderey/microros_ws/install/rosidl_typesupport_microxrcedds_cpp:/home/coderey/microros_ws/install/rosidl_typesupport_microxrcedds_c_tests:/home/coderey/microros_ws/install/rosidl_typesupport_microxrcedds_c:/home/coderey/microros_ws/install/rosgraph_msgs:/home/coderey/microros_ws/install/rclc_parameter:/home/coderey/microros_ws/install/rclc:/home/coderey/microros_ws/install/composition_interfaces:/home/coderey/microros_ws/install/rcl_interfaces:/home/coderey/microros_ws/install/microxrcedds_client:/home/coderey/microros_ws/install/microcdr:/home/coderey/microros_ws/install/micro_ros_utilities:/home/coderey/microros_ws/install/micro_ros_setup:/home/coderey/microros_ws/install/micro_ros_agent:/home/coderey/microros_ws/install/micro_ros_msgs:/home/coderey/microros_ws/install/micro_ros_demos_rclcpp:/home/coderey/microros_ws/install/lifecycle_msgs:/home/coderey/microros_ws/install/complex_msgs:/home/coderey/microros_ws/install/builtin_interfaces:/home/coderey/ros2_ws/install/swisscat_robot:/home/coderey/ros2_ws/install/nav2_gps_waypoint_follower_demo:/home/coderey/ros2_ws/install/mob_rob_loca:/home/coderey/ros2_ws/install/bno055:/home/coderey/microros_ws/install/sensor_msgs_py:/opt/ros/galactic LD_LIBRARY_PATH=/home/coderey/ros2_ws/install/nav2_msgs/lib:${LD_LIBRARY_PATH} PYTHONPATH=/home/coderey/ros2_ws/install/nav2_msgs/lib/python3.8/site-packages:/home/coderey/ros2_ws/install/nav2_common/lib/python3.8/site-packages:${PYTHONPATH} /usr/bin/cmake /home/coderey/ros2_ws/src/navigation2/nav2_util -DCMAKE_INSTALL_PREFIX=/home/coderey/ros2_ws/install/nav2_util
[4.316s] Invoking command in '/home/coderey/ros2_ws/build/nav2_util': AMENT_PREFIX_PATH=/home/coderey/ros2_ws/install/nav2_msgs:/home/coderey/ros2_ws/install/nav2_common:${AMENT_PREFIX_PATH} CMAKE_PREFIX_PATH=/home/coderey/ros2_ws/install/nav2_msgs:/home/coderey/ros2_ws/install/nav2_common:/home/coderey/ros2_ws/install/sam_bot_description:/home/coderey/ros2_ws/install/robot_localization:/home/coderey/ros2_ws/install/nav2_straightline_planner:/home/coderey/ros2_ws/install/nav2_gradient_costmap_plugin:/home/coderey/ros2_ws/install/nav2_costmap_filters_demo:/home/coderey/ros2_ws/install/marvelmind_ros2:/home/coderey/ros2_ws/install/marvelmind_ros2_msgs:/home/coderey/ros2_ws/install/groot:/home/coderey/microros_ws/install/micro_ros_demos_rclc:/home/coderey/microros_ws/install/common_interfaces:/home/coderey/microros_ws/install/visualization_msgs:/home/coderey/microros_ws/install/test_msgs:/home/coderey/microros_ws/install/example_interfaces:/home/coderey/microros_ws/install/action_msgs:/home/coderey/microros_ws/install/unique_identifier_msgs:/home/coderey/microros_ws/install/trajectory_msgs:/home/coderey/microros_ws/install/stereo_msgs:/home/coderey/microros_ws/install/std_srvs:/home/coderey/microros_ws/install/shape_msgs:/home/coderey/microros_ws/install/sensor_msgs:/home/coderey/microros_ws/install/nav_msgs:/home/coderey/microros_ws/install/diagnostic_msgs:/home/coderey/microros_ws/install/geometry_msgs:/home/coderey/microros_ws/install/drive_base_msgs:/home/coderey/microros_ws/install/actionlib_msgs:/home/coderey/microros_ws/install/std_msgs:/home/coderey/microros_ws/install/statistics_msgs:/home/coderey/microros_ws/install/rosidl_typesupport_microxrcedds_test_msg:/home/coderey/microros_ws/install/rosidl_typesupport_microxrcedds_cpp_tests:/home/coderey/microros_ws/install/rmw_microxrcedds:/home/coderey/microros_ws/install/rosidl_typesupport_microxrcedds_cpp:/home/coderey/microros_ws/install/rosidl_typesupport_microxrcedds_c_tests:/home/coderey/microros_ws/install/rosidl_typesupport_microxrcedds_c:/home/coderey/microros_ws/install/rosgraph_msgs:/home/coderey/microros_ws/install/rclc_parameter:/home/coderey/microros_ws/install/rclc:/home/coderey/microros_ws/install/composition_interfaces:/home/coderey/microros_ws/install/rcl_interfaces:/home/coderey/microros_ws/install/microxrcedds_client:/home/coderey/microros_ws/install/microcdr:/home/coderey/microros_ws/install/micro_ros_utilities:/home/coderey/microros_ws/install/micro_ros_setup:/home/coderey/microros_ws/install/micro_ros_agent:/home/coderey/microros_ws/install/micro_ros_msgs:/home/coderey/microros_ws/install/micro_ros_demos_rclcpp:/home/coderey/microros_ws/install/lifecycle_msgs:/home/coderey/microros_ws/install/complex_msgs:/home/coderey/microros_ws/install/builtin_interfaces:/home/coderey/ros2_ws/install/swisscat_robot:/home/coderey/ros2_ws/install/nav2_gps_waypoint_follower_demo:/home/coderey/ros2_ws/install/mob_rob_loca:/home/coderey/ros2_ws/install/bno055:/home/coderey/microros_ws/install/sensor_msgs_py:/opt/ros/galactic LD_LIBRARY_PATH=/home/coderey/ros2_ws/install/nav2_msgs/lib:${LD_LIBRARY_PATH} PYTHONPATH=/home/coderey/ros2_ws/install/nav2_msgs/lib/python3.8/site-packages:/home/coderey/ros2_ws/install/nav2_common/lib/python3.8/site-packages:${PYTHONPATH} /usr/bin/cmake --build /home/coderey/ros2_ws/build/nav2_util -- -j8 -l8
[4.375s] [35m[1mScanning dependencies of target gtest_main[0m
[4.375s] [35m[1mScanning dependencies of target nav2_util_core[0m
[4.379s] [35m[1mScanning dependencies of target gtest[0m
[4.396s] [  2%] [32mBuilding CXX object gtest/CMakeFiles/gtest_main.dir/src/gtest_main.cc.o[0m
[4.410s] [  5%] [32mBuilding CXX object gtest/CMakeFiles/gtest.dir/src/gtest-all.cc.o[0m
[4.476s] [ 10%] [32mBuilding CXX object src/CMakeFiles/nav2_util_core.dir/costmap.cpp.o[0m
[4.476s] [ 10%] [32mBuilding CXX object src/CMakeFiles/nav2_util_core.dir/node_utils.cpp.o[0m
[4.478s] [ 13%] [32mBuilding CXX object src/CMakeFiles/nav2_util_core.dir/lifecycle_utils.cpp.o[0m
[4.479s] [ 15%] [32mBuilding CXX object src/CMakeFiles/nav2_util_core.dir/lifecycle_service_client.cpp.o[0m
[4.491s] [ 18%] [32mBuilding CXX object src/CMakeFiles/nav2_util_core.dir/string_utils.cpp.o[0m
[4.498s] [ 21%] [32mBuilding CXX object src/CMakeFiles/nav2_util_core.dir/lifecycle_node.cpp.o[0m
[4.781s] In file included from [01m[K/home/coderey/ros2_ws/src/navigation2/nav2_util/src/costmap.cpp:19[m[K:
[4.781s] [01m[K/home/coderey/ros2_ws/src/navigation2/nav2_util/include/nav2_util/geometry_utils.hpp:25:10:[m[K [01;31m[Kfatal error: [m[Ktf2_geometry_msgs/tf2_geometry_msgs.hpp: No such file or directory
[4.781s]    25 | #include [01;31m[K"tf2_geometry_msgs/tf2_geometry_msgs.hpp"[m[K
[4.782s]       |          [01;31m[K^~~~~~~~~~~~~~~~~~~~~~~~~~~~~~~~~~~~~~~~~[m[K
[4.782s] compilation terminated.
[4.788s] make[2]: *** [src/CMakeFiles/nav2_util_core.dir/build.make:63: src/CMakeFiles/nav2_util_core.dir/costmap.cpp.o] Error 1
[4.788s] make[2]: *** Waiting for unfinished jobs....
[6.214s] [ 23%] [32m[1mLinking CXX static library libgtest_main.a[0m
[6.290s] [ 23%] Built target gtest_main
[7.343s] In file included from [01m[K/home/coderey/ros2_ws/src/navigation2/nav2_util/src/lifecycle_node.cpp:15[m[K:
[7.343s] [01m[K/home/coderey/ros2_ws/src/navigation2/nav2_util/include/nav2_util/lifecycle_node.hpp:199:27:[m[K [01;31m[Kerror: [m[Kâ€˜[01m[KPreShutdownCallbackHandle[m[Kâ€™ is not a member of â€˜[01m[Krclcpp[m[Kâ€™; did you mean â€˜[01m[KOnShutdownCallbackHandle[m[Kâ€™?
[7.343s]   199 |   std::unique_ptr<rclcpp::[01;31m[KPreShutdownCallbackHandle[m[K> rcl_preshutdown_cb_handle_{nullptr};
[7.343s]       |                           [01;31m[K^~~~~~~~~~~~~~~~~~~~~~~~~[m[K
[7.344s]       |                           [32m[KOnShutdownCallbackHandle[m[K
[7.344s] [01m[K/home/coderey/ros2_ws/src/navigation2/nav2_util/include/nav2_util/lifecycle_node.hpp:199:52:[m[K [01;31m[Kerror: [m[Ktemplate argument 1 is invalid
[7.344s]   199 |   std::unique_ptr<rclcpp::PreShutdownCallbackHandle[01;31m[K>[m[K rcl_preshutdown_cb_handle_{nullptr};
[7.344s]       |                                                    [01;31m[K^[m[K
[7.344s] [01m[K/home/coderey/ros2_ws/src/navigation2/nav2_util/include/nav2_util/lifecycle_node.hpp:199:52:[m[K [01;31m[Kerror: [m[Ktemplate argument 2 is invalid
[7.352s] [01m[K/home/coderey/ros2_ws/src/navigation2/nav2_util/include/nav2_util/lifecycle_node.hpp:199:88:[m[K [01;31m[Kerror: [m[Kcannot convert â€˜[01m[K<brace-enclosed initializer list>[m[Kâ€™ to â€˜[01m[Kint[m[Kâ€™ in initialization
[7.352s]   199 |   std::unique_ptr<rclcpp::PreShutdownCallbackHandle> rcl_preshutdown_cb_handle_{nullptr[01;31m[K}[m[K;
[7.353s]       |                                                                                        [01;31m[K^[m[K
[7.363s] [01m[K/home/coderey/ros2_ws/src/navigation2/nav2_util/src/lifecycle_node.cpp:[m[K In destructor â€˜[01m[Kvirtual nav2_util::LifecycleNode::~LifecycleNode()[m[Kâ€™:
[7.363s] [01m[K/home/coderey/ros2_ws/src/navigation2/nav2_util/src/lifecycle_node.cpp:51:14:[m[K [01;31m[Kerror: [m[Kâ€˜[01m[Kusing element_type = class rclcpp::Context[m[Kâ€™ {aka â€˜[01m[Kclass rclcpp::Context[m[Kâ€™} has no member named â€˜[01m[Kremove_pre_shutdown_callback[m[Kâ€™; did you mean â€˜[01m[Kremove_on_shutdown_callback[m[Kâ€™?
[7.363s]    51 |     context->[01;31m[Kremove_pre_shutdown_callback[m[K(*(rcl_preshutdown_cb_handle_.get()));
[7.364s]       |              [01;31m[K^~~~~~~~~~~~~~~~~~~~~~~~~~~~[m[K
[7.364s]       |              [32m[Kremove_on_shutdown_callback[m[K
[7.364s] [01m[K/home/coderey/ros2_ws/src/navigation2/nav2_util/src/lifecycle_node.cpp:51:72:[m[K [01;31m[Kerror: [m[Krequest for member â€˜[01m[Kget[m[Kâ€™ in â€˜[01m[K((nav2_util::LifecycleNode*)this)->nav2_util::LifecycleNode::rcl_preshutdown_cb_handle_[m[Kâ€™, which is of non-class type â€˜[01m[Kint[m[Kâ€™
[7.364s]    51 |     context->remove_pre_shutdown_callback(*(rcl_preshutdown_cb_handle_.[01;31m[Kget[m[K()));
[7.364s]       |                                                                        [01;31m[K^~~[m[K
[7.364s] [01m[K/home/coderey/ros2_ws/src/navigation2/nav2_util/src/lifecycle_node.cpp:52:32:[m[K [01;31m[Kerror: [m[Krequest for member â€˜[01m[Kreset[m[Kâ€™ in â€˜[01m[K((nav2_util::LifecycleNode*)this)->nav2_util::LifecycleNode::rcl_preshutdown_cb_handle_[m[Kâ€™, which is of non-class type â€˜[01m[Kint[m[Kâ€™
[7.364s]    52 |     rcl_preshutdown_cb_handle_.[01;31m[Kreset[m[K();
[7.364s]       |                                [01;31m[K^~~~~[m[K
[7.368s] [01m[K/home/coderey/ros2_ws/src/navigation2/nav2_util/src/lifecycle_node.cpp:[m[K In member function â€˜[01m[Kvoid nav2_util::LifecycleNode::register_rcl_preshutdown_callback()[m[Kâ€™:
[7.368s] [01m[K/home/coderey/ros2_ws/src/navigation2/nav2_util/src/lifecycle_node.cpp:105:57:[m[K [01;31m[Kerror: [m[Kâ€˜[01m[KPreShutdownCallbackHandle[m[Kâ€™ is not a member of â€˜[01m[Krclcpp[m[Kâ€™; did you mean â€˜[01m[KOnShutdownCallbackHandle[m[Kâ€™?
[7.368s]   105 |   rcl_preshutdown_cb_handle_ = std::make_unique<rclcpp::[01;31m[KPreShutdownCallbackHandle[m[K>(
[7.368s]       |                                                         [01;31m[K^~~~~~~~~~~~~~~~~~~~~~~~~[m[K
[7.368s]       |                                                         [32m[KOnShutdownCallbackHandle[m[K
[7.368s] [01m[K/home/coderey/ros2_ws/src/navigation2/nav2_util/src/lifecycle_node.cpp:106:14:[m[K [01;31m[Kerror: [m[Kâ€˜[01m[Kusing element_type = class rclcpp::Context[m[Kâ€™ {aka â€˜[01m[Kclass rclcpp::Context[m[Kâ€™} has no member named â€˜[01m[Kadd_pre_shutdown_callback[m[Kâ€™; did you mean â€˜[01m[Kadd_on_shutdown_callback[m[Kâ€™?
[7.368s]   106 |     context->[01;31m[Kadd_pre_shutdown_callback[m[K(
[7.368s]       |              [01;31m[K^~~~~~~~~~~~~~~~~~~~~~~~~[m[K
[7.369s]       |              [32m[Kadd_on_shutdown_callback[m[K
[7.840s] make[2]: *** [src/CMakeFiles/nav2_util_core.dir/build.make:128: src/CMakeFiles/nav2_util_core.dir/lifecycle_node.cpp.o] Error 1
[7.943s] In file included from [01m[K/home/coderey/ros2_ws/src/navigation2/nav2_util/include/nav2_util/lifecycle_service_client.hpp:24[m[K,
[7.943s]                  from [01m[K/home/coderey/ros2_ws/src/navigation2/nav2_util/src/lifecycle_service_client.cpp:15[m[K:
[7.943s] /home/coderey/ros2_ws/src/navigation2/nav2_util/include/nav2_util/service_client.hpp: In instantiation of â€˜[01m[Knav2_util::ServiceClient<ServiceT, NodeT>::ServiceClient(const string&, const NodeT&) [with ServiceT = lifecycle_msgs::srv::ChangeState; NodeT = std::shared_ptr<rclcpp::Node>; std::string = std::__cxx11::basic_string<char>][m[Kâ€™:
[7.943s] [01m[K/home/coderey/ros2_ws/src/navigation2/nav2_util/src/lifecycle_service_client.cpp:36:55:[m[K   required from here
[7.943s] [01m[K/home/coderey/ros2_ws/src/navigation2/nav2_util/include/nav2_util/service_client.hpp:47:13:[m[K [01;31m[Kerror: [m[Kcannot convert â€˜[01m[Krclcpp::SystemDefaultsQoS[m[Kâ€™ to â€˜[01m[Kconst rmw_qos_profile_t&[m[Kâ€™
[7.943s]    47 |     client_ = node_->template create_client<ServiceT>(
[7.943s] In file included from [01m[K/opt/ros/galactic/include/rclcpp/node.hpp:1329[m[K,
[7.943s]                  from [01m[K/opt/ros/galactic/include/rclcpp/executors/single_threaded_executor.hpp:28[m[K,
[7.944s]                  from [01m[K/opt/ros/galactic/include/rclcpp/executors.hpp:22[m[K,
[7.944s]                  from [01m[K/opt/ros/galactic/include/rclcpp/rclcpp.hpp:156[m[K,
[7.944s]                  from [01m[K/home/coderey/ros2_ws/src/navigation2/nav2_util/include/nav2_util/service_client.hpp:20[m[K,
[7.944s]                  from [01m[K/home/coderey/ros2_ws/src/navigation2/nav2_util/include/nav2_util/lifecycle_service_client.hpp:24[m[K,
[7.944s]                  from [01m[K/home/coderey/ros2_ws/src/navigation2/nav2_util/src/lifecycle_service_client.cpp:15[m[K:
[7.944s] [01m[K/opt/ros/galactic/include/rclcpp/node_impl.hpp:128:29:[m[K [01;36m[Knote: [m[K  initializing argument 2 of â€˜[01m[Ktypename rclcpp::Client<ServiceT>::SharedPtr rclcpp::Node::create_client(const string&, const rmw_qos_profile_t&, rclcpp::CallbackGroup::SharedPtr) [with ServiceT = lifecycle_msgs::srv::ChangeState; typename rclcpp::Client<ServiceT>::SharedPtr = std::shared_ptr<rclcpp::Client<lifecycle_msgs::srv::ChangeState> >; std::string = std::__cxx11::basic_string<char>; rmw_qos_profile_t = rmw_qos_profile_t; rclcpp::CallbackGroup::SharedPtr = std::shared_ptr<rclcpp::CallbackGroup>][m[Kâ€™
[7.944s]   128 |   [01;36m[Kconst rmw_qos_profile_t & qos_profile[m[K,
[7.944s]       |   [01;36m[K~~~~~~~~~~~~~~~~~~~~~~~~~~^~~~~~~~~~~[m[K
[7.944s] In file included from [01m[K/home/coderey/ros2_ws/src/navigation2/nav2_util/include/nav2_util/lifecycle_service_client.hpp:24[m[K,
[7.945s]                  from [01m[K/home/coderey/ros2_ws/src/navigation2/nav2_util/src/lifecycle_service_client.cpp:15[m[K:
[7.945s] /home/coderey/ros2_ws/src/navigation2/nav2_util/include/nav2_util/service_client.hpp: In instantiation of â€˜[01m[Knav2_util::ServiceClient<ServiceT, NodeT>::ServiceClient(const string&, const NodeT&) [with ServiceT = lifecycle_msgs::srv::GetState; NodeT = std::shared_ptr<rclcpp::Node>; std::string = std::__cxx11::basic_string<char>][m[Kâ€™:
[7.945s] [01m[K/home/coderey/ros2_ws/src/navigation2/nav2_util/src/lifecycle_service_client.cpp:36:55:[m[K   required from here
[7.945s] [01m[K/home/coderey/ros2_ws/src/navigation2/nav2_util/include/nav2_util/service_client.hpp:47:13:[m[K [01;31m[Kerror: [m[Kcannot convert â€˜[01m[Krclcpp::SystemDefaultsQoS[m[Kâ€™ to â€˜[01m[Kconst rmw_qos_profile_t&[m[Kâ€™
[7.945s]    47 |     client_ = node_->template create_client<ServiceT>(
[7.945s] In file included from [01m[K/opt/ros/galactic/include/rclcpp/node.hpp:1329[m[K,
[7.945s]                  from [01m[K/opt/ros/galactic/include/rclcpp/executors/single_threaded_executor.hpp:28[m[K,
[7.945s]                  from [01m[K/opt/ros/galactic/include/rclcpp/executors.hpp:22[m[K,
[7.945s]                  from [01m[K/opt/ros/galactic/include/rclcpp/rclcpp.hpp:156[m[K,
[7.945s]                  from [01m[K/home/coderey/ros2_ws/src/navigation2/nav2_util/include/nav2_util/service_client.hpp:20[m[K,
[7.945s]                  from [01m[K/home/coderey/ros2_ws/src/navigation2/nav2_util/include/nav2_util/lifecycle_service_client.hpp:24[m[K,
[7.945s]                  from [01m[K/home/coderey/ros2_ws/src/navigation2/nav2_util/src/lifecycle_service_client.cpp:15[m[K:
[7.945s] [01m[K/opt/ros/galactic/include/rclcpp/node_impl.hpp:128:29:[m[K [01;36m[Knote: [m[K  initializing argument 2 of â€˜[01m[Ktypename rclcpp::Client<ServiceT>::SharedPtr rclcpp::Node::create_client(const string&, const rmw_qos_profile_t&, rclcpp::CallbackGroup::SharedPtr) [with ServiceT = lifecycle_msgs::srv::GetState; typename rclcpp::Client<ServiceT>::SharedPtr = std::shared_ptr<rclcpp::Client<lifecycle_msgs::srv::GetState> >; std::string = std::__cxx11::basic_string<char>; rmw_qos_profile_t = rmw_qos_profile_t; rclcpp::CallbackGroup::SharedPtr = std::shared_ptr<rclcpp::CallbackGroup>][m[Kâ€™
[7.946s]   128 |   [01;36m[Kconst rmw_qos_profile_t & qos_profile[m[K,
[7.946s]       |   [01;36m[K~~~~~~~~~~~~~~~~~~~~~~~~~~^~~~~~~~~~~[m[K
[7.952s] In file included from [01m[K/home/coderey/ros2_ws/src/navigation2/nav2_util/include/nav2_util/lifecycle_service_client.hpp:24[m[K,
[7.952s]                  from [01m[K/home/coderey/ros2_ws/src/navigation2/nav2_util/src/lifecycle_service_client.cpp:15[m[K:
[7.953s] /home/coderey/ros2_ws/src/navigation2/nav2_util/include/nav2_util/service_client.hpp: In instantiation of â€˜[01m[Ktypename ServiceT::Response::SharedPtr nav2_util::ServiceClient<ServiceT, NodeT>::invoke(typename ServiceT::Request::SharedPtr&, std::chrono::nanoseconds) [with ServiceT = lifecycle_msgs::srv::ChangeState; NodeT = std::shared_ptr<rclcpp::Node>; typename ServiceT::Response::SharedPtr = std::shared_ptr<lifecycle_msgs::srv::ChangeState_Response_<std::allocator<void> > >; typename ServiceT::Request::SharedPtr = std::shared_ptr<lifecycle_msgs::srv::ChangeState_Request_<std::allocator<void> > >; std::chrono::nanoseconds = std::chrono::duration<long int, std::ratio<1, 1000000000> >][m[Kâ€™:
[7.953s] [01m[K/home/coderey/ros2_ws/src/navigation2/nav2_util/src/lifecycle_service_client.cpp:73:56:[m[K   required from here
[7.953s] [01m[K/home/coderey/ros2_ws/src/navigation2/nav2_util/include/nav2_util/service_client.hpp:85:16:[m[K [01;31m[Kerror: [m[Kâ€˜[01m[Kusing element_type = class rclcpp::Client<lifecycle_msgs::srv::ChangeState>[m[Kâ€™ {aka â€˜[01m[Kclass rclcpp::Client<lifecycle_msgs::srv::ChangeState>[m[Kâ€™} has no member named â€˜[01m[Kremove_pending_request[m[Kâ€™
[7.953s]    85 |       [01;31m[Kclient_->remove_pending_request[m[K(future_result);
[7.953s]       |       [01;31m[K~~~~~~~~~^~~~~~~~~~~~~~~~~~~~~~[m[K
[7.955s] /home/coderey/ros2_ws/src/navigation2/nav2_util/include/nav2_util/service_client.hpp: In instantiation of â€˜[01m[Kbool nav2_util::ServiceClient<ServiceT, NodeT>::invoke(typename ServiceT::Request::SharedPtr&, typename ServiceT::Response::SharedPtr&) [with ServiceT = lifecycle_msgs::srv::ChangeState; NodeT = std::shared_ptr<rclcpp::Node>; typename ServiceT::Request::SharedPtr = std::shared_ptr<lifecycle_msgs::srv::ChangeState_Request_<std::allocator<void> > >; typename ServiceT::Response::SharedPtr = std::shared_ptr<lifecycle_msgs::srv::ChangeState_Response_<std::allocator<void> > >][m[Kâ€™:
[7.957s] [01m[K/home/coderey/ros2_ws/src/navigation2/nav2_util/src/lifecycle_service_client.cpp:87:48:[m[K   required from here
[7.957s] [01m[K/home/coderey/ros2_ws/src/navigation2/nav2_util/include/nav2_util/service_client.hpp:121:16:[m[K [01;31m[Kerror: [m[Kâ€˜[01m[Kusing element_type = class rclcpp::Client<lifecycle_msgs::srv::ChangeState>[m[Kâ€™ {aka â€˜[01m[Kclass rclcpp::Client<lifecycle_msgs::srv::ChangeState>[m[Kâ€™} has no member named â€˜[01m[Kremove_pending_request[m[Kâ€™
[7.957s]   121 |       [01;31m[Kclient_->remove_pending_request[m[K(future_result);
[7.957s]       |       [01;31m[K~~~~~~~~~^~~~~~~~~~~~~~~~~~~~~~[m[K
[7.959s] /home/coderey/ros2_ws/src/navigation2/nav2_util/include/nav2_util/service_client.hpp: In instantiation of â€˜[01m[Ktypename ServiceT::Response::SharedPtr nav2_util::ServiceClient<ServiceT, NodeT>::invoke(typename ServiceT::Request::SharedPtr&, std::chrono::nanoseconds) [with ServiceT = lifecycle_msgs::srv::GetState; NodeT = std::shared_ptr<rclcpp::Node>; typename ServiceT::Response::SharedPtr = std::shared_ptr<lifecycle_msgs::srv::GetState_Response_<std::allocator<void> > >; typename ServiceT::Request::SharedPtr = std::shared_ptr<lifecycle_msgs::srv::GetState_Request_<std::allocator<void> > >; std::chrono::nanoseconds = std::chrono::duration<long int, std::ratio<1, 1000000000> >][m[Kâ€™:
[7.960s] [01m[K/home/coderey/ros2_ws/src/navigation2/nav2_util/src/lifecycle_service_client.cpp:98:51:[m[K   required from here
[7.960s] [01m[K/home/coderey/ros2_ws/src/navigation2/nav2_util/include/nav2_util/service_client.hpp:85:16:[m[K [01;31m[Kerror: [m[Kâ€˜[01m[Kusing element_type = class rclcpp::Client<lifecycle_msgs::srv::GetState>[m[Kâ€™ {aka â€˜[01m[Kclass rclcpp::Client<lifecycle_msgs::srv::GetState>[m[Kâ€™} has no member named â€˜[01m[Kremove_pending_request[m[Kâ€™
[7.960s]    85 |       [01;31m[Kclient_->remove_pending_request[m[K(future_result);
[7.960s]       |       [01;31m[K~~~~~~~~~^~~~~~~~~~~~~~~~~~~~~~[m[K
[8.668s] make[2]: *** [src/CMakeFiles/nav2_util_core.dir/build.make:89: src/CMakeFiles/nav2_util_core.dir/lifecycle_service_client.cpp.o] Error 1
[8.668s] make[1]: *** [CMakeFiles/Makefile2:241: src/CMakeFiles/nav2_util_core.dir/all] Error 2
[8.668s] make[1]: *** Waiting for unfinished jobs....
[13.065s] [ 26%] [32m[1mLinking CXX static library libgtest.a[0m
[13.117s] [ 26%] Built target gtest
[13.118s] make: *** [Makefile:141: all] Error 2
[13.120s] Invoked command in '/home/coderey/ros2_ws/build/nav2_util' returned '2': AMENT_PREFIX_PATH=/home/coderey/ros2_ws/install/nav2_msgs:/home/coderey/ros2_ws/install/nav2_common:${AMENT_PREFIX_PATH} CMAKE_PREFIX_PATH=/home/coderey/ros2_ws/install/nav2_msgs:/home/coderey/ros2_ws/install/nav2_common:/home/coderey/ros2_ws/install/sam_bot_description:/home/coderey/ros2_ws/install/robot_localization:/home/coderey/ros2_ws/install/nav2_straightline_planner:/home/coderey/ros2_ws/install/nav2_gradient_costmap_plugin:/home/coderey/ros2_ws/install/nav2_costmap_filters_demo:/home/coderey/ros2_ws/install/marvelmind_ros2:/home/coderey/ros2_ws/install/marvelmind_ros2_msgs:/home/coderey/ros2_ws/install/groot:/home/coderey/microros_ws/install/micro_ros_demos_rclc:/home/coderey/microros_ws/install/common_interfaces:/home/coderey/microros_ws/install/visualization_msgs:/home/coderey/microros_ws/install/test_msgs:/home/coderey/microros_ws/install/example_interfaces:/home/coderey/microros_ws/install/action_msgs:/home/coderey/microros_ws/install/unique_identifier_msgs:/home/coderey/microros_ws/install/trajectory_msgs:/home/coderey/microros_ws/install/stereo_msgs:/home/coderey/microros_ws/install/std_srvs:/home/coderey/microros_ws/install/shape_msgs:/home/coderey/microros_ws/install/sensor_msgs:/home/coderey/microros_ws/install/nav_msgs:/home/coderey/microros_ws/install/diagnostic_msgs:/home/coderey/microros_ws/install/geometry_msgs:/home/coderey/microros_ws/install/drive_base_msgs:/home/coderey/microros_ws/install/actionlib_msgs:/home/coderey/microros_ws/install/std_msgs:/home/coderey/microros_ws/install/statistics_msgs:/home/coderey/microros_ws/install/rosidl_typesupport_microxrcedds_test_msg:/home/coderey/microros_ws/install/rosidl_typesupport_microxrcedds_cpp_tests:/home/coderey/microros_ws/install/rmw_microxrcedds:/home/coderey/microros_ws/install/rosidl_typesupport_microxrcedds_cpp:/home/coderey/microros_ws/install/rosidl_typesupport_microxrcedds_c_tests:/home/coderey/microros_ws/install/rosidl_typesupport_microxrcedds_c:/home/coderey/microros_ws/install/rosgraph_msgs:/home/coderey/microros_ws/install/rclc_parameter:/home/coderey/microros_ws/install/rclc:/home/coderey/microros_ws/install/composition_interfaces:/home/coderey/microros_ws/install/rcl_interfaces:/home/coderey/microros_ws/install/microxrcedds_client:/home/coderey/microros_ws/install/microcdr:/home/coderey/microros_ws/install/micro_ros_utilities:/home/coderey/microros_ws/install/micro_ros_setup:/home/coderey/microros_ws/install/micro_ros_agent:/home/coderey/microros_ws/install/micro_ros_msgs:/home/coderey/microros_ws/install/micro_ros_demos_rclcpp:/home/coderey/microros_ws/install/lifecycle_msgs:/home/coderey/microros_ws/install/complex_msgs:/home/coderey/microros_ws/install/builtin_interfaces:/home/coderey/ros2_ws/install/swisscat_robot:/home/coderey/ros2_ws/install/nav2_gps_waypoint_follower_demo:/home/coderey/ros2_ws/install/mob_rob_loca:/home/coderey/ros2_ws/install/bno055:/home/coderey/microros_ws/install/sensor_msgs_py:/opt/ros/galactic LD_LIBRARY_PATH=/home/coderey/ros2_ws/install/nav2_msgs/lib:${LD_LIBRARY_PATH} PYTHONPATH=/home/coderey/ros2_ws/install/nav2_msgs/lib/python3.8/site-packages:/home/coderey/ros2_ws/install/nav2_common/lib/python3.8/site-packages:${PYTHONPATH} /usr/bin/cmake --build /home/coderey/ros2_ws/build/nav2_util -- -j8 -l8
