-- The C compiler identification is GNU 9.4.0
-- The CXX compiler identification is GNU 9.4.0
-- Check for working C compiler: /usr/bin/cc
-- Check for working C compiler: /usr/bin/cc -- works
-- Detecting C compiler ABI info
-- Detecting C compiler ABI info - done
-- Detecting C compile features
-- Detecting C compile features - done
-- Check for working CXX compiler: /usr/bin/c++
-- Check for working CXX compiler: /usr/bin/c++ -- works
-- Detecting CXX compiler ABI info
-- Detecting CXX compiler ABI info - done
-- Detecting CXX compile features
-- Detecting CXX compile features - done
-- Found ament_cmake: 1.1.6 (/opt/ros/galactic/share/ament_cmake/cmake)
-- Found PythonInterp: /usr/bin/python3 (found suitable version "3.8.10", minimum required is "3") 
-- Using PYTHON_EXECUTABLE: /usr/bin/python3
-- Override CMake install command with custom implementation using symlinks instead of copying resources
-- Found nav2_common: 1.2.0 (/home/coderey/ros2_ws/install/nav2_common/share/nav2_common/cmake)
-- Found nav2_msgs: 1.2.0 (/home/coderey/ros2_ws/install/nav2_msgs/share/nav2_msgs/cmake)
-- Using all available rosidl_typesupport_c: rosidl_typesupport_microxrcedds_c;rosidl_typesupport_fastrtps_c;rosidl_typesupport_introspection_c
-- Found rosidl_adapter: 2.2.3 (/opt/ros/galactic/share/rosidl_adapter/cmake)
-- Found OpenSSL: /usr/lib/x86_64-linux-gnu/libcrypto.so (found version "1.1.1f")  
-- Found FastRTPS: /opt/ros/galactic/include  
-- Using all available rosidl_typesupport_cpp: rosidl_typesupport_microxrcedds_cpp;rosidl_typesupport_fastrtps_cpp;rosidl_typesupport_introspection_cpp
-- Found tf2_ros: 0.17.5 (/opt/ros/galactic/share/tf2_ros/cmake)
-- Found rmw_implementation_cmake: 3.3.1 (/opt/ros/galactic/share/rmw_implementation_cmake/cmake)
-- Found rmw_cyclonedds_cpp: 0.22.6 (/opt/ros/galactic/share/rmw_cyclonedds_cpp/cmake)
-- Using RMW implementation 'rmw_cyclonedds_cpp' as default
-- Looking for pthread.h
-- Looking for pthread.h - found
-- Performing Test CMAKE_HAVE_LIBC_PTHREAD
-- Performing Test CMAKE_HAVE_LIBC_PTHREAD - Failed
-- Looking for pthread_create in pthreads
-- Looking for pthread_create in pthreads - not found
-- Looking for pthread_create in pthread
-- Looking for pthread_create in pthread - found
-- Found Threads: TRUE  
-- Found tf2_geometry_msgs: 0.17.5 (/opt/ros/galactic/share/tf2_geometry_msgs/cmake)
-- Found eigen3_cmake_module: 0.1.1 (/opt/ros/galactic/share/eigen3_cmake_module/cmake)
-- Found Eigen3: TRUE (found version "3.3.7") 
-- Found lifecycle_msgs: 1.0.3 (/home/coderey/microros_ws/install/lifecycle_msgs/share/lifecycle_msgs/cmake)
-- Found rclcpp_lifecycle: 9.2.2 (/opt/ros/galactic/share/rclcpp_lifecycle/cmake)
-- Found bondcpp: 3.0.1 (/opt/ros/galactic/share/bondcpp/cmake)
-- Setting build type to Release as none was specified.
-- Found Boost: /usr/lib/x86_64-linux-gnu/cmake/Boost-1.71.0/BoostConfig.cmake (found version "1.71.0") found components: program_options 
-- Found ament_lint_auto: 0.10.7 (/opt/ros/galactic/share/ament_lint_auto/cmake)
-- Found ament_cmake_pytest: 1.1.6 (/opt/ros/galactic/share/ament_cmake_pytest/cmake)
-- Found launch_testing_ament_cmake: 0.17.2 (/opt/ros/galactic/share/launch_testing_ament_cmake/cmake)
-- Found python_cmake_module: 0.8.1 (/opt/ros/galactic/share/python_cmake_module/cmake)
-- Found PythonInterp: /usr/bin/python3 (found suitable version "3.8.10", minimum required is "3.5") 
-- Found PythonLibs: /usr/lib/x86_64-linux-gnu/libpython3.8.so (found suitable version "3.8.10", minimum required is "3.5") 
-- Using PYTHON_EXECUTABLE: /usr/bin/python3
-- Using PYTHON_INCLUDE_DIRS: /usr/include/python3.8
-- Using PYTHON_LIBRARIES: /usr/lib/x86_64-linux-gnu/libpython3.8.so
-- Found PythonExtra: .so  
-- Found gtest sources under '/opt/ros/galactic/src/gtest_vendor': C++ tests using 'Google Test' will be built
-- Check if compiler accepts -pthread
-- Check if compiler accepts -pthread - yes
-- Added test 'copyright' to check source files copyright and LICENSE
-- Added test 'cppcheck' to perform static code analysis on C / C++ code
-- Configured cppcheck include dirs: /home/coderey/ros2_ws/src/navigation2/nav2_util/include
-- Configured cppcheck exclude dirs and/or files: 
-- Added test 'cpplint' to check C / C++ code against the Google style
-- Configured cpplint exclude dirs and/or files: 
-- Added test 'lint_cmake' to check CMake code style
-- Added test 'uncrustify' to check C / C++ code style
-- Configured uncrustify additional arguments: 
-- Added test 'xmllint' to check XML markup files
-- Configuring done
-- Generating done
-- Build files have been written to: /home/coderey/ros2_ws/build/nav2_util
[35m[1mScanning dependencies of target gtest_main[0m
[35m[1mScanning dependencies of target gtest[0m
[35m[1mScanning dependencies of target nav2_util_core[0m
[  2%] [32mBuilding CXX object gtest/CMakeFiles/gtest_main.dir/src/gtest_main.cc.o[0m
[  5%] [32mBuilding CXX object gtest/CMakeFiles/gtest.dir/src/gtest-all.cc.o[0m
[  7%] [32mBuilding CXX object src/CMakeFiles/nav2_util_core.dir/node_utils.cpp.o[0m
[ 10%] [32mBuilding CXX object src/CMakeFiles/nav2_util_core.dir/costmap.cpp.o[0m
[ 13%] [32mBuilding CXX object src/CMakeFiles/nav2_util_core.dir/lifecycle_service_client.cpp.o[0m
[ 15%] [32mBuilding CXX object src/CMakeFiles/nav2_util_core.dir/lifecycle_utils.cpp.o[0m
[ 18%] [32mBuilding CXX object src/CMakeFiles/nav2_util_core.dir/string_utils.cpp.o[0m
[ 21%] [32mBuilding CXX object src/CMakeFiles/nav2_util_core.dir/lifecycle_node.cpp.o[0m
In file included from [01m[K/home/coderey/ros2_ws/src/navigation2/nav2_util/src/costmap.cpp:19[m[K:
[01m[K/home/coderey/ros2_ws/src/navigation2/nav2_util/include/nav2_util/geometry_utils.hpp:25:10:[m[K [01;31m[Kfatal error: [m[Ktf2_geometry_msgs/tf2_geometry_msgs.hpp: No such file or directory
   25 | #include [01;31m[K"tf2_geometry_msgs/tf2_geometry_msgs.hpp"[m[K
      |          [01;31m[K^~~~~~~~~~~~~~~~~~~~~~~~~~~~~~~~~~~~~~~~~[m[K
compilation terminated.
make[2]: *** [src/CMakeFiles/nav2_util_core.dir/build.make:63: src/CMakeFiles/nav2_util_core.dir/costmap.cpp.o] Error 1
make[2]: *** Waiting for unfinished jobs....
[ 23%] [32m[1mLinking CXX static library libgtest_main.a[0m
[ 23%] Built target gtest_main
In file included from [01m[K/home/coderey/ros2_ws/src/navigation2/nav2_util/include/nav2_util/lifecycle_service_client.hpp:24[m[K,
                 from [01m[K/home/coderey/ros2_ws/src/navigation2/nav2_util/src/lifecycle_service_client.cpp:15[m[K:
/home/coderey/ros2_ws/src/navigation2/nav2_util/include/nav2_util/service_client.hpp: In instantiation of â€˜[01m[Knav2_util::ServiceClient<ServiceT, NodeT>::ServiceClient(const string&, const NodeT&) [with ServiceT = lifecycle_msgs::srv::ChangeState; NodeT = std::shared_ptr<rclcpp::Node>; std::string = std::__cxx11::basic_string<char>][m[Kâ€™:
[01m[K/home/coderey/ros2_ws/src/navigation2/nav2_util/src/lifecycle_service_client.cpp:36:55:[m[K   required from here
[01m[K/home/coderey/ros2_ws/src/navigation2/nav2_util/include/nav2_util/service_client.hpp:47:13:[m[K [01;31m[Kerror: [m[Kcannot convert â€˜[01m[Krclcpp::SystemDefaultsQoS[m[Kâ€™ to â€˜[01m[Kconst rmw_qos_profile_t&[m[Kâ€™
   47 |     client_ = node_->template create_client<ServiceT>(
In file included from [01m[K/opt/ros/galactic/include/rclcpp/node.hpp:1329[m[K,
                 from [01m[K/opt/ros/galactic/include/rclcpp/executors/single_threaded_executor.hpp:28[m[K,
                 from [01m[K/opt/ros/galactic/include/rclcpp/executors.hpp:22[m[K,
                 from [01m[K/opt/ros/galactic/include/rclcpp/rclcpp.hpp:156[m[K,
                 from [01m[K/home/coderey/ros2_ws/src/navigation2/nav2_util/include/nav2_util/service_client.hpp:20[m[K,
                 from [01m[K/home/coderey/ros2_ws/src/navigation2/nav2_util/include/nav2_util/lifecycle_service_client.hpp:24[m[K,
                 from [01m[K/home/coderey/ros2_ws/src/navigation2/nav2_util/src/lifecycle_service_client.cpp:15[m[K:
[01m[K/opt/ros/galactic/include/rclcpp/node_impl.hpp:128:29:[m[K [01;36m[Knote: [m[K  initializing argument 2 of â€˜[01m[Ktypename rclcpp::Client<ServiceT>::SharedPtr rclcpp::Node::create_client(const string&, const rmw_qos_profile_t&, rclcpp::CallbackGroup::SharedPtr) [with ServiceT = lifecycle_msgs::srv::ChangeState; typename rclcpp::Client<ServiceT>::SharedPtr = std::shared_ptr<rclcpp::Client<lifecycle_msgs::srv::ChangeState> >; std::string = std::__cxx11::basic_string<char>; rmw_qos_profile_t = rmw_qos_profile_t; rclcpp::CallbackGroup::SharedPtr = std::shared_ptr<rclcpp::CallbackGroup>][m[Kâ€™
  128 |   [01;36m[Kconst rmw_qos_profile_t & qos_profile[m[K,
      |   [01;36m[K~~~~~~~~~~~~~~~~~~~~~~~~~~^~~~~~~~~~~[m[K
In file included from [01m[K/home/coderey/ros2_ws/src/navigation2/nav2_util/include/nav2_util/lifecycle_service_client.hpp:24[m[K,
                 from [01m[K/home/coderey/ros2_ws/src/navigation2/nav2_util/src/lifecycle_service_client.cpp:15[m[K:
/home/coderey/ros2_ws/src/navigation2/nav2_util/include/nav2_util/service_client.hpp: In instantiation of â€˜[01m[Knav2_util::ServiceClient<ServiceT, NodeT>::ServiceClient(const string&, const NodeT&) [with ServiceT = lifecycle_msgs::srv::GetState; NodeT = std::shared_ptr<rclcpp::Node>; std::string = std::__cxx11::basic_string<char>][m[Kâ€™:
[01m[K/home/coderey/ros2_ws/src/navigation2/nav2_util/src/lifecycle_service_client.cpp:36:55:[m[K   required from here
[01m[K/home/coderey/ros2_ws/src/navigation2/nav2_util/include/nav2_util/service_client.hpp:47:13:[m[K [01;31m[Kerror: [m[Kcannot convert â€˜[01m[Krclcpp::SystemDefaultsQoS[m[Kâ€™ to â€˜[01m[Kconst rmw_qos_profile_t&[m[Kâ€™
   47 |     client_ = node_->template create_client<ServiceT>(
In file included from [01m[K/opt/ros/galactic/include/rclcpp/node.hpp:1329[m[K,
                 from [01m[K/opt/ros/galactic/include/rclcpp/executors/single_threaded_executor.hpp:28[m[K,
                 from [01m[K/opt/ros/galactic/include/rclcpp/executors.hpp:22[m[K,
                 from [01m[K/opt/ros/galactic/include/rclcpp/rclcpp.hpp:156[m[K,
                 from [01m[K/home/coderey/ros2_ws/src/navigation2/nav2_util/include/nav2_util/service_client.hpp:20[m[K,
                 from [01m[K/home/coderey/ros2_ws/src/navigation2/nav2_util/include/nav2_util/lifecycle_service_client.hpp:24[m[K,
                 from [01m[K/home/coderey/ros2_ws/src/navigation2/nav2_util/src/lifecycle_service_client.cpp:15[m[K:
[01m[K/opt/ros/galactic/include/rclcpp/node_impl.hpp:128:29:[m[K [01;36m[Knote: [m[K  initializing argument 2 of â€˜[01m[Ktypename rclcpp::Client<ServiceT>::SharedPtr rclcpp::Node::create_client(const string&, const rmw_qos_profile_t&, rclcpp::CallbackGroup::SharedPtr) [with ServiceT = lifecycle_msgs::srv::GetState; typename rclcpp::Client<ServiceT>::SharedPtr = std::shared_ptr<rclcpp::Client<lifecycle_msgs::srv::GetState> >; std::string = std::__cxx11::basic_string<char>; rmw_qos_profile_t = rmw_qos_profile_t; rclcpp::CallbackGroup::SharedPtr = std::shared_ptr<rclcpp::CallbackGroup>][m[Kâ€™
  128 |   [01;36m[Kconst rmw_qos_profile_t & qos_profile[m[K,
      |   [01;36m[K~~~~~~~~~~~~~~~~~~~~~~~~~~^~~~~~~~~~~[m[K
In file included from [01m[K/home/coderey/ros2_ws/src/navigation2/nav2_util/include/nav2_util/lifecycle_service_client.hpp:24[m[K,
                 from [01m[K/home/coderey/ros2_ws/src/navigation2/nav2_util/src/lifecycle_service_client.cpp:15[m[K:
/home/coderey/ros2_ws/src/navigation2/nav2_util/include/nav2_util/service_client.hpp: In instantiation of â€˜[01m[Ktypename ServiceT::Response::SharedPtr nav2_util::ServiceClient<ServiceT, NodeT>::invoke(typename ServiceT::Request::SharedPtr&, std::chrono::nanoseconds) [with ServiceT = lifecycle_msgs::srv::ChangeState; NodeT = std::shared_ptr<rclcpp::Node>; typename ServiceT::Response::SharedPtr = std::shared_ptr<lifecycle_msgs::srv::ChangeState_Response_<std::allocator<void> > >; typename ServiceT::Request::SharedPtr = std::shared_ptr<lifecycle_msgs::srv::ChangeState_Request_<std::allocator<void> > >; std::chrono::nanoseconds = std::chrono::duration<long int, std::ratio<1, 1000000000> >][m[Kâ€™:
[01m[K/home/coderey/ros2_ws/src/navigation2/nav2_util/src/lifecycle_service_client.cpp:73:56:[m[K   required from here
[01m[K/home/coderey/ros2_ws/src/navigation2/nav2_util/include/nav2_util/service_client.hpp:85:16:[m[K [01;31m[Kerror: [m[Kâ€˜[01m[Kusing element_type = class rclcpp::Client<lifecycle_msgs::srv::ChangeState>[m[Kâ€™ {aka â€˜[01m[Kclass rclcpp::Client<lifecycle_msgs::srv::ChangeState>[m[Kâ€™} has no member named â€˜[01m[Kremove_pending_request[m[Kâ€™
   85 |       [01;31m[Kclient_->remove_pending_request[m[K(future_result);
      |       [01;31m[K~~~~~~~~~^~~~~~~~~~~~~~~~~~~~~~[m[K
/home/coderey/ros2_ws/src/navigation2/nav2_util/include/nav2_util/service_client.hpp: In instantiation of â€˜[01m[Kbool nav2_util::ServiceClient<ServiceT, NodeT>::invoke(typename ServiceT::Request::SharedPtr&, typename ServiceT::Response::SharedPtr&) [with ServiceT = lifecycle_msgs::srv::ChangeState; NodeT = std::shared_ptr<rclcpp::Node>; typename ServiceT::Request::SharedPtr = std::shared_ptr<lifecycle_msgs::srv::ChangeState_Request_<std::allocator<void> > >; typename ServiceT::Response::SharedPtr = std::shared_ptr<lifecycle_msgs::srv::ChangeState_Response_<std::allocator<void> > >][m[Kâ€™:
[01m[K/home/coderey/ros2_ws/src/navigation2/nav2_util/src/lifecycle_service_client.cpp:87:48:[m[K   required from here
[01m[K/home/coderey/ros2_ws/src/navigation2/nav2_util/include/nav2_util/service_client.hpp:121:16:[m[K [01;31m[Kerror: [m[Kâ€˜[01m[Kusing element_type = class rclcpp::Client<lifecycle_msgs::srv::ChangeState>[m[Kâ€™ {aka â€˜[01m[Kclass rclcpp::Client<lifecycle_msgs::srv::ChangeState>[m[Kâ€™} has no member named â€˜[01m[Kremove_pending_request[m[Kâ€™
  121 |       [01;31m[Kclient_->remove_pending_request[m[K(future_result);
      |       [01;31m[K~~~~~~~~~^~~~~~~~~~~~~~~~~~~~~~[m[K
/home/coderey/ros2_ws/src/navigation2/nav2_util/include/nav2_util/service_client.hpp: In instantiation of â€˜[01m[Ktypename ServiceT::Response::SharedPtr nav2_util::ServiceClient<ServiceT, NodeT>::invoke(typename ServiceT::Request::SharedPtr&, std::chrono::nanoseconds) [with ServiceT = lifecycle_msgs::srv::GetState; NodeT = std::shared_ptr<rclcpp::Node>; typename ServiceT::Response::SharedPtr = std::shared_ptr<lifecycle_msgs::srv::GetState_Response_<std::allocator<void> > >; typename ServiceT::Request::SharedPtr = std::shared_ptr<lifecycle_msgs::srv::GetState_Request_<std::allocator<void> > >; std::chrono::nanoseconds = std::chrono::duration<long int, std::ratio<1, 1000000000> >][m[Kâ€™:
[01m[K/home/coderey/ros2_ws/src/navigation2/nav2_util/src/lifecycle_service_client.cpp:98:51:[m[K   required from here
[01m[K/home/coderey/ros2_ws/src/navigation2/nav2_util/include/nav2_util/service_client.hpp:85:16:[m[K [01;31m[Kerror: [m[Kâ€˜[01m[Kusing element_type = class rclcpp::Client<lifecycle_msgs::srv::GetState>[m[Kâ€™ {aka â€˜[01m[Kclass rclcpp::Client<lifecycle_msgs::srv::GetState>[m[Kâ€™} has no member named â€˜[01m[Kremove_pending_request[m[Kâ€™
   85 |       [01;31m[Kclient_->remove_pending_request[m[K(future_result);
      |       [01;31m[K~~~~~~~~~^~~~~~~~~~~~~~~~~~~~~~[m[K
In file included from [01m[K/home/coderey/ros2_ws/src/navigation2/nav2_util/src/lifecycle_node.cpp:15[m[K:
[01m[K/home/coderey/ros2_ws/src/navigation2/nav2_util/include/nav2_util/lifecycle_node.hpp:199:27:[m[K [01;31m[Kerror: [m[Kâ€˜[01m[KPreShutdownCallbackHandle[m[Kâ€™ is not a member of â€˜[01m[Krclcpp[m[Kâ€™; did you mean â€˜[01m[KOnShutdownCallbackHandle[m[Kâ€™?
  199 |   std::unique_ptr<rclcpp::[01;31m[KPreShutdownCallbackHandle[m[K> rcl_preshutdown_cb_handle_{nullptr};
      |                           [01;31m[K^~~~~~~~~~~~~~~~~~~~~~~~~[m[K
      |                           [32m[KOnShutdownCallbackHandle[m[K
[01m[K/home/coderey/ros2_ws/src/navigation2/nav2_util/include/nav2_util/lifecycle_node.hpp:199:52:[m[K [01;31m[Kerror: [m[Ktemplate argument 1 is invalid
  199 |   std::unique_ptr<rclcpp::PreShutdownCallbackHandle[01;31m[K>[m[K rcl_preshutdown_cb_handle_{nullptr};
      |                                                    [01;31m[K^[m[K
[01m[K/home/coderey/ros2_ws/src/navigation2/nav2_util/include/nav2_util/lifecycle_node.hpp:199:52:[m[K [01;31m[Kerror: [m[Ktemplate argument 2 is invalid
[01m[K/home/coderey/ros2_ws/src/navigation2/nav2_util/include/nav2_util/lifecycle_node.hpp:199:88:[m[K [01;31m[Kerror: [m[Kcannot convert â€˜[01m[K<brace-enclosed initializer list>[m[Kâ€™ to â€˜[01m[Kint[m[Kâ€™ in initialization
  199 |   std::unique_ptr<rclcpp::PreShutdownCallbackHandle> rcl_preshutdown_cb_handle_{nullptr[01;31m[K}[m[K;
      |                                                                                        [01;31m[K^[m[K
[01m[K/home/coderey/ros2_ws/src/navigation2/nav2_util/src/lifecycle_node.cpp:[m[K In destructor â€˜[01m[Kvirtual nav2_util::LifecycleNode::~LifecycleNode()[m[Kâ€™:
[01m[K/home/coderey/ros2_ws/src/navigation2/nav2_util/src/lifecycle_node.cpp:51:14:[m[K [01;31m[Kerror: [m[Kâ€˜[01m[Kusing element_type = class rclcpp::Context[m[Kâ€™ {aka â€˜[01m[Kclass rclcpp::Context[m[Kâ€™} has no member named â€˜[01m[Kremove_pre_shutdown_callback[m[Kâ€™; did you mean â€˜[01m[Kremove_on_shutdown_callback[m[Kâ€™?
   51 |     context->[01;31m[Kremove_pre_shutdown_callback[m[K(*(rcl_preshutdown_cb_handle_.get()));
      |              [01;31m[K^~~~~~~~~~~~~~~~~~~~~~~~~~~~[m[K
      |              [32m[Kremove_on_shutdown_callback[m[K
[01m[K/home/coderey/ros2_ws/src/navigation2/nav2_util/src/lifecycle_node.cpp:51:72:[m[K [01;31m[Kerror: [m[Krequest for member â€˜[01m[Kget[m[Kâ€™ in â€˜[01m[K((nav2_util::LifecycleNode*)this)->nav2_util::LifecycleNode::rcl_preshutdown_cb_handle_[m[Kâ€™, which is of non-class type â€˜[01m[Kint[m[Kâ€™
   51 |     context->remove_pre_shutdown_callback(*(rcl_preshutdown_cb_handle_.[01;31m[Kget[m[K()));
      |                                                                        [01;31m[K^~~[m[K
[01m[K/home/coderey/ros2_ws/src/navigation2/nav2_util/src/lifecycle_node.cpp:52:32:[m[K [01;31m[Kerror: [m[Krequest for member â€˜[01m[Kreset[m[Kâ€™ in â€˜[01m[K((nav2_util::LifecycleNode*)this)->nav2_util::LifecycleNode::rcl_preshutdown_cb_handle_[m[Kâ€™, which is of non-class type â€˜[01m[Kint[m[Kâ€™
   52 |     rcl_preshutdown_cb_handle_.[01;31m[Kreset[m[K();
      |                                [01;31m[K^~~~~[m[K
[01m[K/home/coderey/ros2_ws/src/navigation2/nav2_util/src/lifecycle_node.cpp:[m[K In member function â€˜[01m[Kvoid nav2_util::LifecycleNode::register_rcl_preshutdown_callback()[m[Kâ€™:
[01m[K/home/coderey/ros2_ws/src/navigation2/nav2_util/src/lifecycle_node.cpp:105:57:[m[K [01;31m[Kerror: [m[Kâ€˜[01m[KPreShutdownCallbackHandle[m[Kâ€™ is not a member of â€˜[01m[Krclcpp[m[Kâ€™; did you mean â€˜[01m[KOnShutdownCallbackHandle[m[Kâ€™?
  105 |   rcl_preshutdown_cb_handle_ = std::make_unique<rclcpp::[01;31m[KPreShutdownCallbackHandle[m[K>(
      |                                                         [01;31m[K^~~~~~~~~~~~~~~~~~~~~~~~~[m[K
      |                                                         [32m[KOnShutdownCallbackHandle[m[K
[01m[K/home/coderey/ros2_ws/src/navigation2/nav2_util/src/lifecycle_node.cpp:106:14:[m[K [01;31m[Kerror: [m[Kâ€˜[01m[Kusing element_type = class rclcpp::Context[m[Kâ€™ {aka â€˜[01m[Kclass rclcpp::Context[m[Kâ€™} has no member named â€˜[01m[Kadd_pre_shutdown_callback[m[Kâ€™; did you mean â€˜[01m[Kadd_on_shutdown_callback[m[Kâ€™?
  106 |     context->[01;31m[Kadd_pre_shutdown_callback[m[K(
      |              [01;31m[K^~~~~~~~~~~~~~~~~~~~~~~~~[m[K
      |              [32m[Kadd_on_shutdown_callback[m[K
make[2]: *** [src/CMakeFiles/nav2_util_core.dir/build.make:89: src/CMakeFiles/nav2_util_core.dir/lifecycle_service_client.cpp.o] Error 1
make[2]: *** [src/CMakeFiles/nav2_util_core.dir/build.make:128: src/CMakeFiles/nav2_util_core.dir/lifecycle_node.cpp.o] Error 1
make[1]: *** [CMakeFiles/Makefile2:241: src/CMakeFiles/nav2_util_core.dir/all] Error 2
make[1]: *** Waiting for unfinished jobs....
[ 26%] [32m[1mLinking CXX static library libgtest.a[0m
[ 26%] Built target gtest
make: *** [Makefile:141: all] Error 2
