[0.650s] Invoking command in '/home/coderey/ros2_ws/build/nav2_util': CMAKE_PREFIX_PATH=/home/coderey/ros2_ws/install/nav2_msgs:/home/coderey/ros2_ws/install/nav2_common:/home/coderey/ros2_ws/install/sam_bot_description:/home/coderey/ros2_ws/install/robot_localization:/home/coderey/ros2_ws/install/dwb_msgs:/home/coderey/ros2_ws/install/nav_2d_msgs:/home/coderey/ros2_ws/install/nav2_voxel_grid:/home/coderey/ros2_ws/install/nav2_straightline_planner:/home/coderey/ros2_ws/install/nav2_gradient_costmap_plugin:/home/coderey/ros2_ws/install/nav2_costmap_filters_demo:/home/coderey/ros2_ws/install/marvelmind_ros2:/home/coderey/ros2_ws/install/marvelmind_ros2_msgs:/home/coderey/ros2_ws/install/groot:/home/coderey/microros_ws/install/micro_ros_demos_rclc:/home/coderey/microros_ws/install/common_interfaces:/home/coderey/microros_ws/install/visualization_msgs:/home/coderey/microros_ws/install/test_msgs:/home/coderey/microros_ws/install/example_interfaces:/home/coderey/microros_ws/install/action_msgs:/home/coderey/microros_ws/install/unique_identifier_msgs:/home/coderey/microros_ws/install/trajectory_msgs:/home/coderey/microros_ws/install/stereo_msgs:/home/coderey/microros_ws/install/std_srvs:/home/coderey/microros_ws/install/shape_msgs:/home/coderey/microros_ws/install/sensor_msgs:/home/coderey/microros_ws/install/nav_msgs:/home/coderey/microros_ws/install/diagnostic_msgs:/home/coderey/microros_ws/install/geometry_msgs:/home/coderey/microros_ws/install/drive_base_msgs:/home/coderey/microros_ws/install/actionlib_msgs:/home/coderey/microros_ws/install/std_msgs:/home/coderey/microros_ws/install/statistics_msgs:/home/coderey/microros_ws/install/rosidl_typesupport_microxrcedds_test_msg:/home/coderey/microros_ws/install/rosidl_typesupport_microxrcedds_cpp_tests:/home/coderey/microros_ws/install/rmw_microxrcedds:/home/coderey/microros_ws/install/rosidl_typesupport_microxrcedds_cpp:/home/coderey/microros_ws/install/rosidl_typesupport_microxrcedds_c_tests:/home/coderey/microros_ws/install/rosidl_typesupport_microxrcedds_c:/home/coderey/microros_ws/install/rosgraph_msgs:/home/coderey/microros_ws/install/rclc_parameter:/home/coderey/microros_ws/install/rclc:/home/coderey/microros_ws/install/composition_interfaces:/home/coderey/microros_ws/install/rcl_interfaces:/home/coderey/microros_ws/install/microxrcedds_client:/home/coderey/microros_ws/install/microcdr:/home/coderey/microros_ws/install/micro_ros_utilities:/home/coderey/microros_ws/install/micro_ros_setup:/home/coderey/microros_ws/install/micro_ros_agent:/home/coderey/microros_ws/install/micro_ros_msgs:/home/coderey/microros_ws/install/micro_ros_demos_rclcpp:/home/coderey/microros_ws/install/lifecycle_msgs:/home/coderey/microros_ws/install/complex_msgs:/home/coderey/microros_ws/install/builtin_interfaces:/home/coderey/ros2_ws/install/swisscat_robot:/home/coderey/ros2_ws/install/nav2_gps_waypoint_follower_demo:/home/coderey/ros2_ws/install/nav2_simple_commander:/home/coderey/ros2_ws/install/mob_rob_loca:/home/coderey/ros2_ws/install/bno055:/home/coderey/microros_ws/install/sensor_msgs_py:/opt/ros/galactic LD_LIBRARY_PATH=/home/coderey/ros2_ws/install/nav2_msgs/lib:/home/coderey/ros2_ws/install/robot_localization/lib:/home/coderey/ros2_ws/install/dwb_msgs/lib:/home/coderey/ros2_ws/install/nav_2d_msgs/lib:/home/coderey/ros2_ws/install/nav2_voxel_grid/lib:/home/coderey/ros2_ws/install/nav2_straightline_planner/lib:/home/coderey/ros2_ws/install/nav2_gradient_costmap_plugin/lib:/home/coderey/ros2_ws/install/marvelmind_ros2_msgs/lib:/home/coderey/ros2_ws/install/groot/lib:/home/coderey/microros_ws/install/visualization_msgs/lib:/home/coderey/microros_ws/install/test_msgs/lib:/home/coderey/microros_ws/install/example_interfaces/lib:/home/coderey/microros_ws/install/action_msgs/lib:/home/coderey/microros_ws/install/unique_identifier_msgs/lib:/home/coderey/microros_ws/install/trajectory_msgs/lib:/home/coderey/microros_ws/install/stereo_msgs/lib:/home/coderey/microros_ws/install/std_srvs/lib:/home/coderey/microros_ws/install/shape_msgs/lib:/home/coderey/microros_ws/install/sensor_msgs/lib:/home/coderey/microros_ws/install/nav_msgs/lib:/home/coderey/microros_ws/install/diagnostic_msgs/lib:/home/coderey/microros_ws/install/geometry_msgs/lib:/home/coderey/microros_ws/install/drive_base_msgs/lib:/home/coderey/microros_ws/install/actionlib_msgs/lib:/home/coderey/microros_ws/install/std_msgs/lib:/home/coderey/microros_ws/install/statistics_msgs/lib:/home/coderey/microros_ws/install/rmw_microxrcedds/lib:/home/coderey/microros_ws/install/rosidl_typesupport_microxrcedds_cpp/lib:/home/coderey/microros_ws/install/rosidl_typesupport_microxrcedds_c/lib:/home/coderey/microros_ws/install/rosgraph_msgs/lib:/home/coderey/microros_ws/install/rclc_parameter/lib:/home/coderey/microros_ws/install/rclc/lib:/home/coderey/microros_ws/install/composition_interfaces/lib:/home/coderey/microros_ws/install/rcl_interfaces/lib:/home/coderey/microros_ws/install/microxrcedds_client/lib:/home/coderey/microros_ws/install/microcdr/lib:/home/coderey/microros_ws/install/micro_ros_utilities/lib:/home/coderey/microros_ws/install/micro_ros_agent/lib:/home/coderey/microros_ws/install/micro_ros_msgs/lib:/home/coderey/microros_ws/install/lifecycle_msgs/lib:/home/coderey/microros_ws/install/complex_msgs/lib:/home/coderey/microros_ws/install/builtin_interfaces/lib:/usr/lib/x86_64-linux-gnu/gazebo-11/plugins:/opt/ros/galactic/opt/yaml_cpp_vendor/lib:/opt/ros/galactic/opt/rviz_ogre_vendor/lib:/opt/ros/galactic/lib/x86_64-linux-gnu:/opt/ros/galactic/lib PYTHONPATH=/home/coderey/ros2_ws/install/nav2_msgs/lib/python3.8/site-packages:/home/coderey/ros2_ws/install/nav2_common/lib/python3.8/site-packages:/home/coderey/ros2_ws/install/swisscat_robot/lib/python3.8/site-packages:/home/coderey/ros2_ws/install/nav2_gps_waypoint_follower_demo/lib/python3.8/site-packages:/home/coderey/ros2_ws/install/robot_localization/lib/python3.8/site-packages:/home/coderey/ros2_ws/install/dwb_msgs/lib/python3.8/site-packages:/home/coderey/ros2_ws/install/nav_2d_msgs/lib/python3.8/site-packages:/home/coderey/ros2_ws/install/nav2_simple_commander/lib/python3.8/site-packages:/home/coderey/ros2_ws/install/mob_rob_loca/lib/python3.8/site-packages:/home/coderey/ros2_ws/install/marvelmind_ros2_msgs/lib/python3.8/site-packages:/home/coderey/ros2_ws/install/bno055/lib/python3.8/site-packages:/home/coderey/microros_ws/install/visualization_msgs/lib/python3.8/site-packages:/home/coderey/microros_ws/install/test_msgs/lib/python3.8/site-packages:/home/coderey/microros_ws/install/example_interfaces/lib/python3.8/site-packages:/home/coderey/microros_ws/install/action_msgs/lib/python3.8/site-packages:/home/coderey/microros_ws/install/unique_identifier_msgs/lib/python3.8/site-packages:/home/coderey/microros_ws/install/trajectory_msgs/lib/python3.8/site-packages:/home/coderey/microros_ws/install/stereo_msgs/lib/python3.8/site-packages:/home/coderey/microros_ws/install/std_srvs/lib/python3.8/site-packages:/home/coderey/microros_ws/install/shape_msgs/lib/python3.8/site-packages:/home/coderey/microros_ws/install/sensor_msgs_py/lib/python3.8/site-packages:/home/coderey/microros_ws/install/sensor_msgs/lib/python3.8/site-packages:/home/coderey/microros_ws/install/nav_msgs/lib/python3.8/site-packages:/home/coderey/microros_ws/install/diagnostic_msgs/lib/python3.8/site-packages:/home/coderey/microros_ws/install/geometry_msgs/lib/python3.8/site-packages:/home/coderey/microros_ws/install/drive_base_msgs/lib/python3.8/site-packages:/home/coderey/microros_ws/install/actionlib_msgs/lib/python3.8/site-packages:/home/coderey/microros_ws/install/std_msgs/lib/python3.8/site-packages:/home/coderey/microros_ws/install/statistics_msgs/lib/python3.8/site-packages:/home/coderey/microros_ws/install/rosidl_typesupport_microxrcedds_cpp/lib/python3.8/site-packages:/home/coderey/microros_ws/install/rosidl_typesupport_microxrcedds_c/lib/python3.8/site-packages:/home/coderey/microros_ws/install/rosgraph_msgs/lib/python3.8/site-packages:/home/coderey/microros_ws/install/composition_interfaces/lib/python3.8/site-packages:/home/coderey/microros_ws/install/rcl_interfaces/lib/python3.8/site-packages:/home/coderey/microros_ws/install/micro_ros_msgs/lib/python3.8/site-packages:/home/coderey/microros_ws/install/lifecycle_msgs/lib/python3.8/site-packages:/home/coderey/microros_ws/install/complex_msgs/lib/python3.8/site-packages:/home/coderey/microros_ws/install/builtin_interfaces/lib/python3.8/site-packages:/opt/ros/galactic/lib/python3.8/site-packages:/opt/ros/galactic/lib/python3/dist-packages /usr/bin/cmake --build /home/coderey/ros2_ws/build/nav2_util -- -j8 -l8
[0.689s] -- Found ament_cmake: 1.1.6 (/opt/ros/galactic/share/ament_cmake/cmake)
[0.741s] -- Found PythonInterp: /usr/bin/python3 (found suitable version "3.8.10", minimum required is "3") 
[0.741s] -- Using PYTHON_EXECUTABLE: /usr/bin/python3
[0.836s] -- Found nav2_common: 1.2.0 (/home/coderey/ros2_ws/install/nav2_common/share/nav2_common/cmake)
[0.837s] -- Found nav2_msgs: 1.2.0 (/home/coderey/ros2_ws/install/nav2_msgs/share/nav2_msgs/cmake)
[0.884s] -- Using all available rosidl_typesupport_c: rosidl_typesupport_microxrcedds_c;rosidl_typesupport_fastrtps_c;rosidl_typesupport_introspection_c
[0.890s] -- Found rosidl_adapter: 2.2.3 (/opt/ros/galactic/share/rosidl_adapter/cmake)
[1.109s] -- Using all available rosidl_typesupport_cpp: rosidl_typesupport_microxrcedds_cpp;rosidl_typesupport_fastrtps_cpp;rosidl_typesupport_introspection_cpp
[1.985s] -- Found tf2_ros: 0.17.5 (/opt/ros/galactic/share/tf2_ros/cmake)
[2.078s] -- Found rmw_implementation_cmake: 3.3.1 (/opt/ros/galactic/share/rmw_implementation_cmake/cmake)
[2.086s] -- Found rmw_cyclonedds_cpp: 0.22.6 (/opt/ros/galactic/share/rmw_cyclonedds_cpp/cmake)
[2.120s] -- Using RMW implementation 'rmw_cyclonedds_cpp' as default
[2.638s] -- Found tf2_geometry_msgs: 0.17.5 (/opt/ros/galactic/share/tf2_geometry_msgs/cmake)
[2.645s] -- Found eigen3_cmake_module: 0.1.1 (/opt/ros/galactic/share/eigen3_cmake_module/cmake)
[2.674s] -- Found lifecycle_msgs: 1.0.3 (/home/coderey/microros_ws/install/lifecycle_msgs/share/lifecycle_msgs/cmake)
[2.685s] -- Found rclcpp_lifecycle: 9.2.2 (/opt/ros/galactic/share/rclcpp_lifecycle/cmake)
[2.704s] -- Found bondcpp: 3.0.1 (/opt/ros/galactic/share/bondcpp/cmake)
[2.796s] -- Found ament_lint_auto: 0.10.7 (/opt/ros/galactic/share/ament_lint_auto/cmake)
[2.797s] -- Found ament_cmake_pytest: 1.1.6 (/opt/ros/galactic/share/ament_cmake_pytest/cmake)
[2.798s] -- Found launch_testing_ament_cmake: 0.17.2 (/opt/ros/galactic/share/launch_testing_ament_cmake/cmake)
[2.798s] -- Found python_cmake_module: 0.8.1 (/opt/ros/galactic/share/python_cmake_module/cmake)
[2.830s] -- Found PythonInterp: /usr/bin/python3 (found suitable version "3.8.10", minimum required is "3.5") 
[2.832s] -- Using PYTHON_EXECUTABLE: /usr/bin/python3
[2.833s] -- Using PYTHON_INCLUDE_DIRS: /usr/include/python3.8
[2.833s] -- Using PYTHON_LIBRARIES: /usr/lib/x86_64-linux-gnu/libpython3.8.so
[3.033s] -- Found gtest sources under '/opt/ros/galactic/src/gtest_vendor': C++ tests using 'Google Test' will be built
[3.110s] -- Added test 'copyright' to check source files copyright and LICENSE
[3.113s] -- Added test 'cppcheck' to perform static code analysis on C / C++ code
[3.113s] -- Configured cppcheck include dirs: /home/coderey/ros2_ws/src/navigation2/nav2_util/include
[3.113s] -- Configured cppcheck exclude dirs and/or files: 
[3.115s] -- Added test 'cpplint' to check C / C++ code against the Google style
[3.115s] -- Configured cpplint exclude dirs and/or files: 
[3.116s] -- Added test 'lint_cmake' to check CMake code style
[3.119s] -- Added test 'uncrustify' to check C / C++ code style
[3.119s] -- Configured uncrustify additional arguments: 
[3.119s] -- Added test 'xmllint' to check XML markup files
[3.128s] -- Configuring done
[3.335s] -- Generating done
[3.338s] -- Build files have been written to: /home/coderey/ros2_ws/build/nav2_util
[3.395s] [35m[1mScanning dependencies of target nav2_util_core[0m
[3.399s] [  5%] Built target gtest
[3.407s] [ 10%] Built target gtest_main
[3.426s] [35m[1mScanning dependencies of target test_execution_timer[0m
[3.445s] [ 13%] [32mBuilding CXX object test/CMakeFiles/test_execution_timer.dir/test_execution_timer.cpp.o[0m
[3.522s] [ 15%] [32mBuilding CXX object src/CMakeFiles/nav2_util_core.dir/lifecycle_service_client.cpp.o[0m
[3.522s] [ 18%] [32mBuilding CXX object src/CMakeFiles/nav2_util_core.dir/node_utils.cpp.o[0m
[3.527s] [ 21%] [32mBuilding CXX object src/CMakeFiles/nav2_util_core.dir/costmap.cpp.o[0m
[3.527s] [ 23%] [32mBuilding CXX object src/CMakeFiles/nav2_util_core.dir/string_utils.cpp.o[0m
[3.544s] [ 26%] [32mBuilding CXX object src/CMakeFiles/nav2_util_core.dir/lifecycle_utils.cpp.o[0m
[3.544s] [ 28%] [32mBuilding CXX object src/CMakeFiles/nav2_util_core.dir/robot_utils.cpp.o[0m
[3.547s] [ 31%] [32mBuilding CXX object src/CMakeFiles/nav2_util_core.dir/lifecycle_node.cpp.o[0m
[3.981s] In file included from [01m[K/home/coderey/ros2_ws/src/navigation2/nav2_util/src/costmap.cpp:19[m[K:
[3.984s] [01m[K/home/coderey/ros2_ws/src/navigation2/nav2_util/include/nav2_util/geometry_utils.hpp:25:10:[m[K [01;31m[Kfatal error: [m[Ktf2_geometry_msgs/tf2_geometry_msgs.hpp: No such file or directory
[3.984s]    25 | #include [01;31m[K"tf2_geometry_msgs/tf2_geometry_msgs.hpp"[m[K
[3.984s]       |          [01;31m[K^~~~~~~~~~~~~~~~~~~~~~~~~~~~~~~~~~~~~~~~~[m[K
[3.984s] compilation terminated.
[3.995s] make[2]: *** [src/CMakeFiles/nav2_util_core.dir/build.make:63: src/CMakeFiles/nav2_util_core.dir/costmap.cpp.o] Error 1
[3.995s] make[2]: *** Waiting for unfinished jobs....
[4.096s] In file included from [01m[K/home/coderey/ros2_ws/src/navigation2/nav2_util/src/robot_utils.cpp:22[m[K:
[4.097s] [01m[K/home/coderey/ros2_ws/src/navigation2/nav2_util/include/nav2_util/robot_utils.hpp:27:10:[m[K [01;31m[Kfatal error: [m[Ktf2_geometry_msgs/tf2_geometry_msgs.hpp: No such file or directory
[4.097s]    27 | #include [01;31m[K"tf2_geometry_msgs/tf2_geometry_msgs.hpp"[m[K
[4.097s]       |          [01;31m[K^~~~~~~~~~~~~~~~~~~~~~~~~~~~~~~~~~~~~~~~~[m[K
[4.097s] compilation terminated.
[4.100s] make[2]: *** [src/CMakeFiles/nav2_util_core.dir/build.make:141: src/CMakeFiles/nav2_util_core.dir/robot_utils.cpp.o] Error 1
[5.540s] [ 34%] [32m[1mLinking CXX executable test_execution_timer[0m
[5.676s] [ 34%] Built target test_execution_timer
[6.122s] In file included from [01m[K/home/coderey/ros2_ws/src/navigation2/nav2_util/include/nav2_util/lifecycle_service_client.hpp:24[m[K,
[6.123s]                  from [01m[K/home/coderey/ros2_ws/src/navigation2/nav2_util/src/lifecycle_service_client.cpp:15[m[K:
[6.123s] /home/coderey/ros2_ws/src/navigation2/nav2_util/include/nav2_util/service_client.hpp: In instantiation of â€˜[01m[Knav2_util::ServiceClient<ServiceT, NodeT>::ServiceClient(const string&, const NodeT&) [with ServiceT = lifecycle_msgs::srv::ChangeState; NodeT = std::shared_ptr<rclcpp::Node>; std::string = std::__cxx11::basic_string<char>][m[Kâ€™:
[6.123s] [01m[K/home/coderey/ros2_ws/src/navigation2/nav2_util/src/lifecycle_service_client.cpp:36:55:[m[K   required from here
[6.123s] [01m[K/home/coderey/ros2_ws/src/navigation2/nav2_util/include/nav2_util/service_client.hpp:47:13:[m[K [01;31m[Kerror: [m[Kcannot convert â€˜[01m[Krclcpp::SystemDefaultsQoS[m[Kâ€™ to â€˜[01m[Kconst rmw_qos_profile_t&[m[Kâ€™
[6.123s]    47 |     client_ = node_->template create_client<ServiceT>(
[6.123s] In file included from [01m[K/opt/ros/galactic/include/rclcpp/node.hpp:1329[m[K,
[6.123s]                  from [01m[K/opt/ros/galactic/include/rclcpp/executors/single_threaded_executor.hpp:28[m[K,
[6.123s]                  from [01m[K/opt/ros/galactic/include/rclcpp/executors.hpp:22[m[K,
[6.123s]                  from [01m[K/opt/ros/galactic/include/rclcpp/rclcpp.hpp:156[m[K,
[6.123s]                  from [01m[K/home/coderey/ros2_ws/src/navigation2/nav2_util/include/nav2_util/service_client.hpp:20[m[K,
[6.124s]                  from [01m[K/home/coderey/ros2_ws/src/navigation2/nav2_util/include/nav2_util/lifecycle_service_client.hpp:24[m[K,
[6.124s]                  from [01m[K/home/coderey/ros2_ws/src/navigation2/nav2_util/src/lifecycle_service_client.cpp:15[m[K:
[6.124s] [01m[K/opt/ros/galactic/include/rclcpp/node_impl.hpp:128:29:[m[K [01;36m[Knote: [m[K  initializing argument 2 of â€˜[01m[Ktypename rclcpp::Client<ServiceT>::SharedPtr rclcpp::Node::create_client(const string&, const rmw_qos_profile_t&, rclcpp::CallbackGroup::SharedPtr) [with ServiceT = lifecycle_msgs::srv::ChangeState; typename rclcpp::Client<ServiceT>::SharedPtr = std::shared_ptr<rclcpp::Client<lifecycle_msgs::srv::ChangeState> >; std::string = std::__cxx11::basic_string<char>; rmw_qos_profile_t = rmw_qos_profile_t; rclcpp::CallbackGroup::SharedPtr = std::shared_ptr<rclcpp::CallbackGroup>][m[Kâ€™
[6.124s]   128 |   [01;36m[Kconst rmw_qos_profile_t & qos_profile[m[K,
[6.124s]       |   [01;36m[K~~~~~~~~~~~~~~~~~~~~~~~~~~^~~~~~~~~~~[m[K
[6.129s] In file included from [01m[K/home/coderey/ros2_ws/src/navigation2/nav2_util/include/nav2_util/lifecycle_service_client.hpp:24[m[K,
[6.130s]                  from [01m[K/home/coderey/ros2_ws/src/navigation2/nav2_util/src/lifecycle_service_client.cpp:15[m[K:
[6.130s] /home/coderey/ros2_ws/src/navigation2/nav2_util/include/nav2_util/service_client.hpp: In instantiation of â€˜[01m[Knav2_util::ServiceClient<ServiceT, NodeT>::ServiceClient(const string&, const NodeT&) [with ServiceT = lifecycle_msgs::srv::GetState; NodeT = std::shared_ptr<rclcpp::Node>; std::string = std::__cxx11::basic_string<char>][m[Kâ€™:
[6.130s] [01m[K/home/coderey/ros2_ws/src/navigation2/nav2_util/src/lifecycle_service_client.cpp:36:55:[m[K   required from here
[6.130s] [01m[K/home/coderey/ros2_ws/src/navigation2/nav2_util/include/nav2_util/service_client.hpp:47:13:[m[K [01;31m[Kerror: [m[Kcannot convert â€˜[01m[Krclcpp::SystemDefaultsQoS[m[Kâ€™ to â€˜[01m[Kconst rmw_qos_profile_t&[m[Kâ€™
[6.130s]    47 |     client_ = node_->template create_client<ServiceT>(
[6.130s] In file included from [01m[K/opt/ros/galactic/include/rclcpp/node.hpp:1329[m[K,
[6.130s]                  from [01m[K/opt/ros/galactic/include/rclcpp/executors/single_threaded_executor.hpp:28[m[K,
[6.130s]                  from [01m[K/opt/ros/galactic/include/rclcpp/executors.hpp:22[m[K,
[6.131s]                  from [01m[K/opt/ros/galactic/include/rclcpp/rclcpp.hpp:156[m[K,
[6.131s]                  from [01m[K/home/coderey/ros2_ws/src/navigation2/nav2_util/include/nav2_util/service_client.hpp:20[m[K,
[6.131s]                  from [01m[K/home/coderey/ros2_ws/src/navigation2/nav2_util/include/nav2_util/lifecycle_service_client.hpp:24[m[K,
[6.131s]                  from [01m[K/home/coderey/ros2_ws/src/navigation2/nav2_util/src/lifecycle_service_client.cpp:15[m[K:
[6.131s] [01m[K/opt/ros/galactic/include/rclcpp/node_impl.hpp:128:29:[m[K [01;36m[Knote: [m[K  initializing argument 2 of â€˜[01m[Ktypename rclcpp::Client<ServiceT>::SharedPtr rclcpp::Node::create_client(const string&, const rmw_qos_profile_t&, rclcpp::CallbackGroup::SharedPtr) [with ServiceT = lifecycle_msgs::srv::GetState; typename rclcpp::Client<ServiceT>::SharedPtr = std::shared_ptr<rclcpp::Client<lifecycle_msgs::srv::GetState> >; std::string = std::__cxx11::basic_string<char>; rmw_qos_profile_t = rmw_qos_profile_t; rclcpp::CallbackGroup::SharedPtr = std::shared_ptr<rclcpp::CallbackGroup>][m[Kâ€™
[6.131s]   128 |   [01;36m[Kconst rmw_qos_profile_t & qos_profile[m[K,
[6.131s]       |   [01;36m[K~~~~~~~~~~~~~~~~~~~~~~~~~~^~~~~~~~~~~[m[K
[6.131s] In file included from [01m[K/home/coderey/ros2_ws/src/navigation2/nav2_util/include/nav2_util/lifecycle_service_client.hpp:24[m[K,
[6.131s]                  from [01m[K/home/coderey/ros2_ws/src/navigation2/nav2_util/src/lifecycle_service_client.cpp:15[m[K:
[6.131s] /home/coderey/ros2_ws/src/navigation2/nav2_util/include/nav2_util/service_client.hpp: In instantiation of â€˜[01m[Ktypename ServiceT::Response::SharedPtr nav2_util::ServiceClient<ServiceT, NodeT>::invoke(typename ServiceT::Request::SharedPtr&, std::chrono::nanoseconds) [with ServiceT = lifecycle_msgs::srv::ChangeState; NodeT = std::shared_ptr<rclcpp::Node>; typename ServiceT::Response::SharedPtr = std::shared_ptr<lifecycle_msgs::srv::ChangeState_Response_<std::allocator<void> > >; typename ServiceT::Request::SharedPtr = std::shared_ptr<lifecycle_msgs::srv::ChangeState_Request_<std::allocator<void> > >; std::chrono::nanoseconds = std::chrono::duration<long int, std::ratio<1, 1000000000> >][m[Kâ€™:
[6.132s] [01m[K/home/coderey/ros2_ws/src/navigation2/nav2_util/src/lifecycle_service_client.cpp:73:56:[m[K   required from here
[6.132s] [01m[K/home/coderey/ros2_ws/src/navigation2/nav2_util/include/nav2_util/service_client.hpp:85:16:[m[K [01;31m[Kerror: [m[Kâ€˜[01m[Kusing element_type = class rclcpp::Client<lifecycle_msgs::srv::ChangeState>[m[Kâ€™ {aka â€˜[01m[Kclass rclcpp::Client<lifecycle_msgs::srv::ChangeState>[m[Kâ€™} has no member named â€˜[01m[Kremove_pending_request[m[Kâ€™
[6.132s]    85 |       [01;31m[Kclient_->remove_pending_request[m[K(future_result);
[6.132s]       |       [01;31m[K~~~~~~~~~^~~~~~~~~~~~~~~~~~~~~~[m[K
[6.132s] /home/coderey/ros2_ws/src/navigation2/nav2_util/include/nav2_util/service_client.hpp: In instantiation of â€˜[01m[Kbool nav2_util::ServiceClient<ServiceT, NodeT>::invoke(typename ServiceT::Request::SharedPtr&, typename ServiceT::Response::SharedPtr&) [with ServiceT = lifecycle_msgs::srv::ChangeState; NodeT = std::shared_ptr<rclcpp::Node>; typename ServiceT::Request::SharedPtr = std::shared_ptr<lifecycle_msgs::srv::ChangeState_Request_<std::allocator<void> > >; typename ServiceT::Response::SharedPtr = std::shared_ptr<lifecycle_msgs::srv::ChangeState_Response_<std::allocator<void> > >][m[Kâ€™:
[6.132s] [01m[K/home/coderey/ros2_ws/src/navigation2/nav2_util/src/lifecycle_service_client.cpp:87:48:[m[K   required from here
[6.132s] [01m[K/home/coderey/ros2_ws/src/navigation2/nav2_util/include/nav2_util/service_client.hpp:121:16:[m[K [01;31m[Kerror: [m[Kâ€˜[01m[Kusing element_type = class rclcpp::Client<lifecycle_msgs::srv::ChangeState>[m[Kâ€™ {aka â€˜[01m[Kclass rclcpp::Client<lifecycle_msgs::srv::ChangeState>[m[Kâ€™} has no member named â€˜[01m[Kremove_pending_request[m[Kâ€™
[6.133s]   121 |       [01;31m[Kclient_->remove_pending_request[m[K(future_result);
[6.133s]       |       [01;31m[K~~~~~~~~~^~~~~~~~~~~~~~~~~~~~~~[m[K
[6.136s] /home/coderey/ros2_ws/src/navigation2/nav2_util/include/nav2_util/service_client.hpp: In instantiation of â€˜[01m[Ktypename ServiceT::Response::SharedPtr nav2_util::ServiceClient<ServiceT, NodeT>::invoke(typename ServiceT::Request::SharedPtr&, std::chrono::nanoseconds) [with ServiceT = lifecycle_msgs::srv::GetState; NodeT = std::shared_ptr<rclcpp::Node>; typename ServiceT::Response::SharedPtr = std::shared_ptr<lifecycle_msgs::srv::GetState_Response_<std::allocator<void> > >; typename ServiceT::Request::SharedPtr = std::shared_ptr<lifecycle_msgs::srv::GetState_Request_<std::allocator<void> > >; std::chrono::nanoseconds = std::chrono::duration<long int, std::ratio<1, 1000000000> >][m[Kâ€™:
[6.136s] [01m[K/home/coderey/ros2_ws/src/navigation2/nav2_util/src/lifecycle_service_client.cpp:98:51:[m[K   required from here
[6.136s] [01m[K/home/coderey/ros2_ws/src/navigation2/nav2_util/include/nav2_util/service_client.hpp:85:16:[m[K [01;31m[Kerror: [m[Kâ€˜[01m[Kusing element_type = class rclcpp::Client<lifecycle_msgs::srv::GetState>[m[Kâ€™ {aka â€˜[01m[Kclass rclcpp::Client<lifecycle_msgs::srv::GetState>[m[Kâ€™} has no member named â€˜[01m[Kremove_pending_request[m[Kâ€™
[6.136s]    85 |       [01;31m[Kclient_->remove_pending_request[m[K(future_result);
[6.137s]       |       [01;31m[K~~~~~~~~~^~~~~~~~~~~~~~~~~~~~~~[m[K
[6.488s] In file included from [01m[K/home/coderey/ros2_ws/src/navigation2/nav2_util/src/lifecycle_node.cpp:15[m[K:
[6.488s] [01m[K/home/coderey/ros2_ws/src/navigation2/nav2_util/include/nav2_util/lifecycle_node.hpp:199:27:[m[K [01;31m[Kerror: [m[Kâ€˜[01m[KPreShutdownCallbackHandle[m[Kâ€™ is not a member of â€˜[01m[Krclcpp[m[Kâ€™; did you mean â€˜[01m[KOnShutdownCallbackHandle[m[Kâ€™?
[6.488s]   199 |   std::unique_ptr<rclcpp::[01;31m[KPreShutdownCallbackHandle[m[K> rcl_preshutdown_cb_handle_{nullptr};
[6.488s]       |                           [01;31m[K^~~~~~~~~~~~~~~~~~~~~~~~~[m[K
[6.488s]       |                           [32m[KOnShutdownCallbackHandle[m[K
[6.488s] [01m[K/home/coderey/ros2_ws/src/navigation2/nav2_util/include/nav2_util/lifecycle_node.hpp:199:52:[m[K [01;31m[Kerror: [m[Ktemplate argument 1 is invalid
[6.489s]   199 |   std::unique_ptr<rclcpp::PreShutdownCallbackHandle[01;31m[K>[m[K rcl_preshutdown_cb_handle_{nullptr};
[6.489s]       |                                                    [01;31m[K^[m[K
[6.489s] [01m[K/home/coderey/ros2_ws/src/navigation2/nav2_util/include/nav2_util/lifecycle_node.hpp:199:52:[m[K [01;31m[Kerror: [m[Ktemplate argument 2 is invalid
[6.494s] [01m[K/home/coderey/ros2_ws/src/navigation2/nav2_util/include/nav2_util/lifecycle_node.hpp:199:88:[m[K [01;31m[Kerror: [m[Kcannot convert â€˜[01m[K<brace-enclosed initializer list>[m[Kâ€™ to â€˜[01m[Kint[m[Kâ€™ in initialization
[6.494s]   199 |   std::unique_ptr<rclcpp::PreShutdownCallbackHandle> rcl_preshutdown_cb_handle_{nullptr[01;31m[K}[m[K;
[6.494s]       |                                                                                        [01;31m[K^[m[K
[6.503s] [01m[K/home/coderey/ros2_ws/src/navigation2/nav2_util/src/lifecycle_node.cpp:[m[K In destructor â€˜[01m[Kvirtual nav2_util::LifecycleNode::~LifecycleNode()[m[Kâ€™:
[6.503s] [01m[K/home/coderey/ros2_ws/src/navigation2/nav2_util/src/lifecycle_node.cpp:51:14:[m[K [01;31m[Kerror: [m[Kâ€˜[01m[Kusing element_type = class rclcpp::Context[m[Kâ€™ {aka â€˜[01m[Kclass rclcpp::Context[m[Kâ€™} has no member named â€˜[01m[Kremove_pre_shutdown_callback[m[Kâ€™; did you mean â€˜[01m[Kremove_on_shutdown_callback[m[Kâ€™?
[6.503s]    51 |     context->[01;31m[Kremove_pre_shutdown_callback[m[K(*(rcl_preshutdown_cb_handle_.get()));
[6.503s]       |              [01;31m[K^~~~~~~~~~~~~~~~~~~~~~~~~~~~[m[K
[6.503s]       |              [32m[Kremove_on_shutdown_callback[m[K
[6.503s] [01m[K/home/coderey/ros2_ws/src/navigation2/nav2_util/src/lifecycle_node.cpp:51:72:[m[K [01;31m[Kerror: [m[Krequest for member â€˜[01m[Kget[m[Kâ€™ in â€˜[01m[K((nav2_util::LifecycleNode*)this)->nav2_util::LifecycleNode::rcl_preshutdown_cb_handle_[m[Kâ€™, which is of non-class type â€˜[01m[Kint[m[Kâ€™
[6.503s]    51 |     context->remove_pre_shutdown_callback(*(rcl_preshutdown_cb_handle_.[01;31m[Kget[m[K()));
[6.503s]       |                                                                        [01;31m[K^~~[m[K
[6.504s] [01m[K/home/coderey/ros2_ws/src/navigation2/nav2_util/src/lifecycle_node.cpp:52:32:[m[K [01;31m[Kerror: [m[Krequest for member â€˜[01m[Kreset[m[Kâ€™ in â€˜[01m[K((nav2_util::LifecycleNode*)this)->nav2_util::LifecycleNode::rcl_preshutdown_cb_handle_[m[Kâ€™, which is of non-class type â€˜[01m[Kint[m[Kâ€™
[6.504s]    52 |     rcl_preshutdown_cb_handle_.[01;31m[Kreset[m[K();
[6.504s]       |                                [01;31m[K^~~~~[m[K
[6.506s] [01m[K/home/coderey/ros2_ws/src/navigation2/nav2_util/src/lifecycle_node.cpp:[m[K In member function â€˜[01m[Kvoid nav2_util::LifecycleNode::register_rcl_preshutdown_callback()[m[Kâ€™:
[6.506s] [01m[K/home/coderey/ros2_ws/src/navigation2/nav2_util/src/lifecycle_node.cpp:105:57:[m[K [01;31m[Kerror: [m[Kâ€˜[01m[KPreShutdownCallbackHandle[m[Kâ€™ is not a member of â€˜[01m[Krclcpp[m[Kâ€™; did you mean â€˜[01m[KOnShutdownCallbackHandle[m[Kâ€™?
[6.506s]   105 |   rcl_preshutdown_cb_handle_ = std::make_unique<rclcpp::[01;31m[KPreShutdownCallbackHandle[m[K>(
[6.506s]       |                                                         [01;31m[K^~~~~~~~~~~~~~~~~~~~~~~~~[m[K
[6.506s]       |                                                         [32m[KOnShutdownCallbackHandle[m[K
[6.506s] [01m[K/home/coderey/ros2_ws/src/navigation2/nav2_util/src/lifecycle_node.cpp:106:14:[m[K [01;31m[Kerror: [m[Kâ€˜[01m[Kusing element_type = class rclcpp::Context[m[Kâ€™ {aka â€˜[01m[Kclass rclcpp::Context[m[Kâ€™} has no member named â€˜[01m[Kadd_pre_shutdown_callback[m[Kâ€™; did you mean â€˜[01m[Kadd_on_shutdown_callback[m[Kâ€™?
[6.506s]   106 |     context->[01;31m[Kadd_pre_shutdown_callback[m[K(
[6.507s]       |              [01;31m[K^~~~~~~~~~~~~~~~~~~~~~~~~[m[K
[6.507s]       |              [32m[Kadd_on_shutdown_callback[m[K
[6.651s] make[2]: *** [src/CMakeFiles/nav2_util_core.dir/build.make:89: src/CMakeFiles/nav2_util_core.dir/lifecycle_service_client.cpp.o] Error 1
[6.946s] make[2]: *** [src/CMakeFiles/nav2_util_core.dir/build.make:128: src/CMakeFiles/nav2_util_core.dir/lifecycle_node.cpp.o] Error 1
[7.382s] make[1]: *** [CMakeFiles/Makefile2:241: src/CMakeFiles/nav2_util_core.dir/all] Error 2
[7.382s] make: *** [Makefile:141: all] Error 2
[7.386s] Invoked command in '/home/coderey/ros2_ws/build/nav2_util' returned '2': CMAKE_PREFIX_PATH=/home/coderey/ros2_ws/install/nav2_msgs:/home/coderey/ros2_ws/install/nav2_common:/home/coderey/ros2_ws/install/sam_bot_description:/home/coderey/ros2_ws/install/robot_localization:/home/coderey/ros2_ws/install/dwb_msgs:/home/coderey/ros2_ws/install/nav_2d_msgs:/home/coderey/ros2_ws/install/nav2_voxel_grid:/home/coderey/ros2_ws/install/nav2_straightline_planner:/home/coderey/ros2_ws/install/nav2_gradient_costmap_plugin:/home/coderey/ros2_ws/install/nav2_costmap_filters_demo:/home/coderey/ros2_ws/install/marvelmind_ros2:/home/coderey/ros2_ws/install/marvelmind_ros2_msgs:/home/coderey/ros2_ws/install/groot:/home/coderey/microros_ws/install/micro_ros_demos_rclc:/home/coderey/microros_ws/install/common_interfaces:/home/coderey/microros_ws/install/visualization_msgs:/home/coderey/microros_ws/install/test_msgs:/home/coderey/microros_ws/install/example_interfaces:/home/coderey/microros_ws/install/action_msgs:/home/coderey/microros_ws/install/unique_identifier_msgs:/home/coderey/microros_ws/install/trajectory_msgs:/home/coderey/microros_ws/install/stereo_msgs:/home/coderey/microros_ws/install/std_srvs:/home/coderey/microros_ws/install/shape_msgs:/home/coderey/microros_ws/install/sensor_msgs:/home/coderey/microros_ws/install/nav_msgs:/home/coderey/microros_ws/install/diagnostic_msgs:/home/coderey/microros_ws/install/geometry_msgs:/home/coderey/microros_ws/install/drive_base_msgs:/home/coderey/microros_ws/install/actionlib_msgs:/home/coderey/microros_ws/install/std_msgs:/home/coderey/microros_ws/install/statistics_msgs:/home/coderey/microros_ws/install/rosidl_typesupport_microxrcedds_test_msg:/home/coderey/microros_ws/install/rosidl_typesupport_microxrcedds_cpp_tests:/home/coderey/microros_ws/install/rmw_microxrcedds:/home/coderey/microros_ws/install/rosidl_typesupport_microxrcedds_cpp:/home/coderey/microros_ws/install/rosidl_typesupport_microxrcedds_c_tests:/home/coderey/microros_ws/install/rosidl_typesupport_microxrcedds_c:/home/coderey/microros_ws/install/rosgraph_msgs:/home/coderey/microros_ws/install/rclc_parameter:/home/coderey/microros_ws/install/rclc:/home/coderey/microros_ws/install/composition_interfaces:/home/coderey/microros_ws/install/rcl_interfaces:/home/coderey/microros_ws/install/microxrcedds_client:/home/coderey/microros_ws/install/microcdr:/home/coderey/microros_ws/install/micro_ros_utilities:/home/coderey/microros_ws/install/micro_ros_setup:/home/coderey/microros_ws/install/micro_ros_agent:/home/coderey/microros_ws/install/micro_ros_msgs:/home/coderey/microros_ws/install/micro_ros_demos_rclcpp:/home/coderey/microros_ws/install/lifecycle_msgs:/home/coderey/microros_ws/install/complex_msgs:/home/coderey/microros_ws/install/builtin_interfaces:/home/coderey/ros2_ws/install/swisscat_robot:/home/coderey/ros2_ws/install/nav2_gps_waypoint_follower_demo:/home/coderey/ros2_ws/install/nav2_simple_commander:/home/coderey/ros2_ws/install/mob_rob_loca:/home/coderey/ros2_ws/install/bno055:/home/coderey/microros_ws/install/sensor_msgs_py:/opt/ros/galactic LD_LIBRARY_PATH=/home/coderey/ros2_ws/install/nav2_msgs/lib:/home/coderey/ros2_ws/install/robot_localization/lib:/home/coderey/ros2_ws/install/dwb_msgs/lib:/home/coderey/ros2_ws/install/nav_2d_msgs/lib:/home/coderey/ros2_ws/install/nav2_voxel_grid/lib:/home/coderey/ros2_ws/install/nav2_straightline_planner/lib:/home/coderey/ros2_ws/install/nav2_gradient_costmap_plugin/lib:/home/coderey/ros2_ws/install/marvelmind_ros2_msgs/lib:/home/coderey/ros2_ws/install/groot/lib:/home/coderey/microros_ws/install/visualization_msgs/lib:/home/coderey/microros_ws/install/test_msgs/lib:/home/coderey/microros_ws/install/example_interfaces/lib:/home/coderey/microros_ws/install/action_msgs/lib:/home/coderey/microros_ws/install/unique_identifier_msgs/lib:/home/coderey/microros_ws/install/trajectory_msgs/lib:/home/coderey/microros_ws/install/stereo_msgs/lib:/home/coderey/microros_ws/install/std_srvs/lib:/home/coderey/microros_ws/install/shape_msgs/lib:/home/coderey/microros_ws/install/sensor_msgs/lib:/home/coderey/microros_ws/install/nav_msgs/lib:/home/coderey/microros_ws/install/diagnostic_msgs/lib:/home/coderey/microros_ws/install/geometry_msgs/lib:/home/coderey/microros_ws/install/drive_base_msgs/lib:/home/coderey/microros_ws/install/actionlib_msgs/lib:/home/coderey/microros_ws/install/std_msgs/lib:/home/coderey/microros_ws/install/statistics_msgs/lib:/home/coderey/microros_ws/install/rmw_microxrcedds/lib:/home/coderey/microros_ws/install/rosidl_typesupport_microxrcedds_cpp/lib:/home/coderey/microros_ws/install/rosidl_typesupport_microxrcedds_c/lib:/home/coderey/microros_ws/install/rosgraph_msgs/lib:/home/coderey/microros_ws/install/rclc_parameter/lib:/home/coderey/microros_ws/install/rclc/lib:/home/coderey/microros_ws/install/composition_interfaces/lib:/home/coderey/microros_ws/install/rcl_interfaces/lib:/home/coderey/microros_ws/install/microxrcedds_client/lib:/home/coderey/microros_ws/install/microcdr/lib:/home/coderey/microros_ws/install/micro_ros_utilities/lib:/home/coderey/microros_ws/install/micro_ros_agent/lib:/home/coderey/microros_ws/install/micro_ros_msgs/lib:/home/coderey/microros_ws/install/lifecycle_msgs/lib:/home/coderey/microros_ws/install/complex_msgs/lib:/home/coderey/microros_ws/install/builtin_interfaces/lib:/usr/lib/x86_64-linux-gnu/gazebo-11/plugins:/opt/ros/galactic/opt/yaml_cpp_vendor/lib:/opt/ros/galactic/opt/rviz_ogre_vendor/lib:/opt/ros/galactic/lib/x86_64-linux-gnu:/opt/ros/galactic/lib PYTHONPATH=/home/coderey/ros2_ws/install/nav2_msgs/lib/python3.8/site-packages:/home/coderey/ros2_ws/install/nav2_common/lib/python3.8/site-packages:/home/coderey/ros2_ws/install/swisscat_robot/lib/python3.8/site-packages:/home/coderey/ros2_ws/install/nav2_gps_waypoint_follower_demo/lib/python3.8/site-packages:/home/coderey/ros2_ws/install/robot_localization/lib/python3.8/site-packages:/home/coderey/ros2_ws/install/dwb_msgs/lib/python3.8/site-packages:/home/coderey/ros2_ws/install/nav_2d_msgs/lib/python3.8/site-packages:/home/coderey/ros2_ws/install/nav2_simple_commander/lib/python3.8/site-packages:/home/coderey/ros2_ws/install/mob_rob_loca/lib/python3.8/site-packages:/home/coderey/ros2_ws/install/marvelmind_ros2_msgs/lib/python3.8/site-packages:/home/coderey/ros2_ws/install/bno055/lib/python3.8/site-packages:/home/coderey/microros_ws/install/visualization_msgs/lib/python3.8/site-packages:/home/coderey/microros_ws/install/test_msgs/lib/python3.8/site-packages:/home/coderey/microros_ws/install/example_interfaces/lib/python3.8/site-packages:/home/coderey/microros_ws/install/action_msgs/lib/python3.8/site-packages:/home/coderey/microros_ws/install/unique_identifier_msgs/lib/python3.8/site-packages:/home/coderey/microros_ws/install/trajectory_msgs/lib/python3.8/site-packages:/home/coderey/microros_ws/install/stereo_msgs/lib/python3.8/site-packages:/home/coderey/microros_ws/install/std_srvs/lib/python3.8/site-packages:/home/coderey/microros_ws/install/shape_msgs/lib/python3.8/site-packages:/home/coderey/microros_ws/install/sensor_msgs_py/lib/python3.8/site-packages:/home/coderey/microros_ws/install/sensor_msgs/lib/python3.8/site-packages:/home/coderey/microros_ws/install/nav_msgs/lib/python3.8/site-packages:/home/coderey/microros_ws/install/diagnostic_msgs/lib/python3.8/site-packages:/home/coderey/microros_ws/install/geometry_msgs/lib/python3.8/site-packages:/home/coderey/microros_ws/install/drive_base_msgs/lib/python3.8/site-packages:/home/coderey/microros_ws/install/actionlib_msgs/lib/python3.8/site-packages:/home/coderey/microros_ws/install/std_msgs/lib/python3.8/site-packages:/home/coderey/microros_ws/install/statistics_msgs/lib/python3.8/site-packages:/home/coderey/microros_ws/install/rosidl_typesupport_microxrcedds_cpp/lib/python3.8/site-packages:/home/coderey/microros_ws/install/rosidl_typesupport_microxrcedds_c/lib/python3.8/site-packages:/home/coderey/microros_ws/install/rosgraph_msgs/lib/python3.8/site-packages:/home/coderey/microros_ws/install/composition_interfaces/lib/python3.8/site-packages:/home/coderey/microros_ws/install/rcl_interfaces/lib/python3.8/site-packages:/home/coderey/microros_ws/install/micro_ros_msgs/lib/python3.8/site-packages:/home/coderey/microros_ws/install/lifecycle_msgs/lib/python3.8/site-packages:/home/coderey/microros_ws/install/complex_msgs/lib/python3.8/site-packages:/home/coderey/microros_ws/install/builtin_interfaces/lib/python3.8/site-packages:/opt/ros/galactic/lib/python3.8/site-packages:/opt/ros/galactic/lib/python3/dist-packages /usr/bin/cmake --build /home/coderey/ros2_ws/build/nav2_util -- -j8 -l8
