[0.580s] Invoking command in '/home/coderey/ros2_ws/build/nav2_util': AMENT_PREFIX_PATH=/home/coderey/ros2_ws/install/nav2_msgs:/home/coderey/ros2_ws/install/nav2_common:${AMENT_PREFIX_PATH} CMAKE_PREFIX_PATH=/home/coderey/ros2_ws/install/nav2_msgs:/home/coderey/ros2_ws/install/nav2_common:/home/coderey/ros2_ws/install/sam_bot_description:/home/coderey/ros2_ws/install/robot_localization:/home/coderey/ros2_ws/install/nav2_straightline_planner:/home/coderey/ros2_ws/install/nav2_gradient_costmap_plugin:/home/coderey/ros2_ws/install/nav2_costmap_filters_demo:/home/coderey/ros2_ws/install/marvelmind_ros2:/home/coderey/ros2_ws/install/marvelmind_ros2_msgs:/home/coderey/ros2_ws/install/groot:/home/coderey/microros_ws/install/micro_ros_demos_rclc:/home/coderey/microros_ws/install/common_interfaces:/home/coderey/microros_ws/install/visualization_msgs:/home/coderey/microros_ws/install/test_msgs:/home/coderey/microros_ws/install/example_interfaces:/home/coderey/microros_ws/install/action_msgs:/home/coderey/microros_ws/install/unique_identifier_msgs:/home/coderey/microros_ws/install/trajectory_msgs:/home/coderey/microros_ws/install/stereo_msgs:/home/coderey/microros_ws/install/std_srvs:/home/coderey/microros_ws/install/shape_msgs:/home/coderey/microros_ws/install/sensor_msgs:/home/coderey/microros_ws/install/nav_msgs:/home/coderey/microros_ws/install/diagnostic_msgs:/home/coderey/microros_ws/install/geometry_msgs:/home/coderey/microros_ws/install/drive_base_msgs:/home/coderey/microros_ws/install/actionlib_msgs:/home/coderey/microros_ws/install/std_msgs:/home/coderey/microros_ws/install/statistics_msgs:/home/coderey/microros_ws/install/rosidl_typesupport_microxrcedds_test_msg:/home/coderey/microros_ws/install/rosidl_typesupport_microxrcedds_cpp_tests:/home/coderey/microros_ws/install/rmw_microxrcedds:/home/coderey/microros_ws/install/rosidl_typesupport_microxrcedds_cpp:/home/coderey/microros_ws/install/rosidl_typesupport_microxrcedds_c_tests:/home/coderey/microros_ws/install/rosidl_typesupport_microxrcedds_c:/home/coderey/microros_ws/install/rosgraph_msgs:/home/coderey/microros_ws/install/rclc_parameter:/home/coderey/microros_ws/install/rclc:/home/coderey/microros_ws/install/composition_interfaces:/home/coderey/microros_ws/install/rcl_interfaces:/home/coderey/microros_ws/install/microxrcedds_client:/home/coderey/microros_ws/install/microcdr:/home/coderey/microros_ws/install/micro_ros_utilities:/home/coderey/microros_ws/install/micro_ros_setup:/home/coderey/microros_ws/install/micro_ros_agent:/home/coderey/microros_ws/install/micro_ros_msgs:/home/coderey/microros_ws/install/micro_ros_demos_rclcpp:/home/coderey/microros_ws/install/lifecycle_msgs:/home/coderey/microros_ws/install/complex_msgs:/home/coderey/microros_ws/install/builtin_interfaces:/home/coderey/ros2_ws/install/swisscat_robot:/home/coderey/ros2_ws/install/nav2_gps_waypoint_follower_demo:/home/coderey/ros2_ws/install/mob_rob_loca:/home/coderey/ros2_ws/install/bno055:/home/coderey/microros_ws/install/sensor_msgs_py:/opt/ros/galactic LD_LIBRARY_PATH=/home/coderey/ros2_ws/install/nav2_msgs/lib:${LD_LIBRARY_PATH} PYTHONPATH=/home/coderey/ros2_ws/install/nav2_msgs/lib/python3.8/site-packages:/home/coderey/ros2_ws/install/nav2_common/lib/python3.8/site-packages:${PYTHONPATH} /usr/bin/cmake --build /home/coderey/ros2_ws/build/nav2_util -- -j8 -l8
[0.616s] -- Found ament_cmake: 1.1.6 (/opt/ros/galactic/share/ament_cmake/cmake)
[0.648s] -- Found PythonInterp: /usr/bin/python3 (found suitable version "3.8.10", minimum required is "3") 
[0.648s] -- Using PYTHON_EXECUTABLE: /usr/bin/python3
[0.735s] -- Found nav2_common: 1.2.0 (/home/coderey/ros2_ws/install/nav2_common/share/nav2_common/cmake)
[0.736s] -- Found nav2_msgs: 1.2.0 (/home/coderey/ros2_ws/install/nav2_msgs/share/nav2_msgs/cmake)
[0.767s] -- Using all available rosidl_typesupport_c: rosidl_typesupport_microxrcedds_c;rosidl_typesupport_fastrtps_c;rosidl_typesupport_introspection_c
[0.770s] -- Found rosidl_adapter: 2.2.3 (/opt/ros/galactic/share/rosidl_adapter/cmake)
[0.965s] -- Using all available rosidl_typesupport_cpp: rosidl_typesupport_microxrcedds_cpp;rosidl_typesupport_fastrtps_cpp;rosidl_typesupport_introspection_cpp
[1.621s] -- Found tf2_ros: 0.17.5 (/opt/ros/galactic/share/tf2_ros/cmake)
[1.682s] -- Found rmw_implementation_cmake: 3.3.1 (/opt/ros/galactic/share/rmw_implementation_cmake/cmake)
[1.687s] -- Found rmw_cyclonedds_cpp: 0.22.6 (/opt/ros/galactic/share/rmw_cyclonedds_cpp/cmake)
[1.708s] -- Using RMW implementation 'rmw_cyclonedds_cpp' as default
[2.158s] -- Found tf2_geometry_msgs: 0.17.5 (/opt/ros/galactic/share/tf2_geometry_msgs/cmake)
[2.167s] -- Found eigen3_cmake_module: 0.1.1 (/opt/ros/galactic/share/eigen3_cmake_module/cmake)
[2.215s] -- Found lifecycle_msgs: 1.0.3 (/home/coderey/microros_ws/install/lifecycle_msgs/share/lifecycle_msgs/cmake)
[2.225s] -- Found rclcpp_lifecycle: 9.2.2 (/opt/ros/galactic/share/rclcpp_lifecycle/cmake)
[2.243s] -- Found bondcpp: 3.0.1 (/opt/ros/galactic/share/bondcpp/cmake)
[2.331s] -- Found ament_lint_auto: 0.10.7 (/opt/ros/galactic/share/ament_lint_auto/cmake)
[2.332s] -- Found ament_cmake_pytest: 1.1.6 (/opt/ros/galactic/share/ament_cmake_pytest/cmake)
[2.332s] -- Found launch_testing_ament_cmake: 0.17.2 (/opt/ros/galactic/share/launch_testing_ament_cmake/cmake)
[2.333s] -- Found python_cmake_module: 0.8.1 (/opt/ros/galactic/share/python_cmake_module/cmake)
[2.364s] -- Found PythonInterp: /usr/bin/python3 (found suitable version "3.8.10", minimum required is "3.5") 
[2.366s] -- Using PYTHON_EXECUTABLE: /usr/bin/python3
[2.367s] -- Using PYTHON_INCLUDE_DIRS: /usr/include/python3.8
[2.367s] -- Using PYTHON_LIBRARIES: /usr/lib/x86_64-linux-gnu/libpython3.8.so
[2.552s] -- Found gtest sources under '/opt/ros/galactic/src/gtest_vendor': C++ tests using 'Google Test' will be built
[2.601s] -- Added test 'copyright' to check source files copyright and LICENSE
[2.602s] -- Added test 'cppcheck' to perform static code analysis on C / C++ code
[2.603s] -- Configured cppcheck include dirs: /home/coderey/ros2_ws/src/navigation2/nav2_util/include
[2.603s] -- Configured cppcheck exclude dirs and/or files: 
[2.604s] -- Added test 'cpplint' to check C / C++ code against the Google style
[2.604s] -- Configured cpplint exclude dirs and/or files: 
[2.604s] -- Added test 'lint_cmake' to check CMake code style
[2.606s] -- Added test 'uncrustify' to check C / C++ code style
[2.606s] -- Configured uncrustify additional arguments: 
[2.606s] -- Added test 'xmllint' to check XML markup files
[2.611s] -- Configuring done
[2.781s] -- Generating done
[2.784s] -- Build files have been written to: /home/coderey/ros2_ws/build/nav2_util
[2.832s] [35m[1mScanning dependencies of target nav2_util_core[0m
[2.839s] [  5%] Built target gtest_main
[2.840s] [ 10%] Built target gtest
[2.857s] [35m[1mScanning dependencies of target test_execution_timer[0m
[2.879s] [ 13%] [32mBuilding CXX object test/CMakeFiles/test_execution_timer.dir/test_execution_timer.cpp.o[0m
[2.916s] [ 15%] [32mBuilding CXX object src/CMakeFiles/nav2_util_core.dir/costmap.cpp.o[0m
[2.918s] [ 18%] [32mBuilding CXX object src/CMakeFiles/nav2_util_core.dir/node_utils.cpp.o[0m
[2.921s] [ 21%] [32mBuilding CXX object src/CMakeFiles/nav2_util_core.dir/lifecycle_service_client.cpp.o[0m
[2.922s] [ 23%] [32mBuilding CXX object src/CMakeFiles/nav2_util_core.dir/robot_utils.cpp.o[0m
[2.925s] [ 26%] [32mBuilding CXX object src/CMakeFiles/nav2_util_core.dir/string_utils.cpp.o[0m
[2.927s] [ 28%] [32mBuilding CXX object src/CMakeFiles/nav2_util_core.dir/lifecycle_node.cpp.o[0m
[2.932s] [ 31%] [32mBuilding CXX object src/CMakeFiles/nav2_util_core.dir/lifecycle_utils.cpp.o[0m
[3.355s] In file included from [01m[K/home/coderey/ros2_ws/src/navigation2/nav2_util/src/costmap.cpp:19[m[K:
[3.355s] [01m[K/home/coderey/ros2_ws/src/navigation2/nav2_util/include/nav2_util/geometry_utils.hpp:25:10:[m[K [01;31m[Kfatal error: [m[Ktf2_geometry_msgs/tf2_geometry_msgs.hpp: No such file or directory
[3.355s]    25 | #include [01;31m[K"tf2_geometry_msgs/tf2_geometry_msgs.hpp"[m[K
[3.355s]       |          [01;31m[K^~~~~~~~~~~~~~~~~~~~~~~~~~~~~~~~~~~~~~~~~[m[K
[3.355s] compilation terminated.
[3.361s] make[2]: *** [src/CMakeFiles/nav2_util_core.dir/build.make:63: src/CMakeFiles/nav2_util_core.dir/costmap.cpp.o] Error 1
[3.363s] make[2]: *** Waiting for unfinished jobs....
[3.445s] In file included from [01m[K/home/coderey/ros2_ws/src/navigation2/nav2_util/src/robot_utils.cpp:22[m[K:
[3.445s] [01m[K/home/coderey/ros2_ws/src/navigation2/nav2_util/include/nav2_util/robot_utils.hpp:27:10:[m[K [01;31m[Kfatal error: [m[Ktf2_geometry_msgs/tf2_geometry_msgs.hpp: No such file or directory
[3.446s]    27 | #include [01;31m[K"tf2_geometry_msgs/tf2_geometry_msgs.hpp"[m[K
[3.446s]       |          [01;31m[K^~~~~~~~~~~~~~~~~~~~~~~~~~~~~~~~~~~~~~~~~[m[K
[3.446s] compilation terminated.
[3.450s] make[2]: *** [src/CMakeFiles/nav2_util_core.dir/build.make:141: src/CMakeFiles/nav2_util_core.dir/robot_utils.cpp.o] Error 1
[4.841s] [ 34%] [32m[1mLinking CXX executable test_execution_timer[0m
[4.939s] [ 34%] Built target test_execution_timer
[5.440s] In file included from [01m[K/home/coderey/ros2_ws/src/navigation2/nav2_util/include/nav2_util/lifecycle_service_client.hpp:24[m[K,
[5.440s]                  from [01m[K/home/coderey/ros2_ws/src/navigation2/nav2_util/src/lifecycle_service_client.cpp:15[m[K:
[5.440s] /home/coderey/ros2_ws/src/navigation2/nav2_util/include/nav2_util/service_client.hpp: In instantiation of â€˜[01m[Knav2_util::ServiceClient<ServiceT, NodeT>::ServiceClient(const string&, const NodeT&) [with ServiceT = lifecycle_msgs::srv::ChangeState; NodeT = std::shared_ptr<rclcpp::Node>; std::string = std::__cxx11::basic_string<char>][m[Kâ€™:
[5.440s] [01m[K/home/coderey/ros2_ws/src/navigation2/nav2_util/src/lifecycle_service_client.cpp:36:55:[m[K   required from here
[5.441s] [01m[K/home/coderey/ros2_ws/src/navigation2/nav2_util/include/nav2_util/service_client.hpp:47:13:[m[K [01;31m[Kerror: [m[Kcannot convert â€˜[01m[Krclcpp::SystemDefaultsQoS[m[Kâ€™ to â€˜[01m[Kconst rmw_qos_profile_t&[m[Kâ€™
[5.441s]    47 |     client_ = node_->template create_client<ServiceT>(
[5.441s] In file included from [01m[K/opt/ros/galactic/include/rclcpp/node.hpp:1329[m[K,
[5.441s]                  from [01m[K/opt/ros/galactic/include/rclcpp/executors/single_threaded_executor.hpp:28[m[K,
[5.441s]                  from [01m[K/opt/ros/galactic/include/rclcpp/executors.hpp:22[m[K,
[5.441s]                  from [01m[K/opt/ros/galactic/include/rclcpp/rclcpp.hpp:156[m[K,
[5.441s]                  from [01m[K/home/coderey/ros2_ws/src/navigation2/nav2_util/include/nav2_util/service_client.hpp:20[m[K,
[5.442s]                  from [01m[K/home/coderey/ros2_ws/src/navigation2/nav2_util/include/nav2_util/lifecycle_service_client.hpp:24[m[K,
[5.442s]                  from [01m[K/home/coderey/ros2_ws/src/navigation2/nav2_util/src/lifecycle_service_client.cpp:15[m[K:
[5.442s] [01m[K/opt/ros/galactic/include/rclcpp/node_impl.hpp:128:29:[m[K [01;36m[Knote: [m[K  initializing argument 2 of â€˜[01m[Ktypename rclcpp::Client<ServiceT>::SharedPtr rclcpp::Node::create_client(const string&, const rmw_qos_profile_t&, rclcpp::CallbackGroup::SharedPtr) [with ServiceT = lifecycle_msgs::srv::ChangeState; typename rclcpp::Client<ServiceT>::SharedPtr = std::shared_ptr<rclcpp::Client<lifecycle_msgs::srv::ChangeState> >; std::string = std::__cxx11::basic_string<char>; rmw_qos_profile_t = rmw_qos_profile_t; rclcpp::CallbackGroup::SharedPtr = std::shared_ptr<rclcpp::CallbackGroup>][m[Kâ€™
[5.442s]   128 |   [01;36m[Kconst rmw_qos_profile_t & qos_profile[m[K,
[5.442s]       |   [01;36m[K~~~~~~~~~~~~~~~~~~~~~~~~~~^~~~~~~~~~~[m[K
[5.442s] In file included from [01m[K/home/coderey/ros2_ws/src/navigation2/nav2_util/include/nav2_util/lifecycle_service_client.hpp:24[m[K,
[5.442s]                  from [01m[K/home/coderey/ros2_ws/src/navigation2/nav2_util/src/lifecycle_service_client.cpp:15[m[K:
[5.442s] /home/coderey/ros2_ws/src/navigation2/nav2_util/include/nav2_util/service_client.hpp: In instantiation of â€˜[01m[Knav2_util::ServiceClient<ServiceT, NodeT>::ServiceClient(const string&, const NodeT&) [with ServiceT = lifecycle_msgs::srv::GetState; NodeT = std::shared_ptr<rclcpp::Node>; std::string = std::__cxx11::basic_string<char>][m[Kâ€™:
[5.442s] [01m[K/home/coderey/ros2_ws/src/navigation2/nav2_util/src/lifecycle_service_client.cpp:36:55:[m[K   required from here
[5.442s] [01m[K/home/coderey/ros2_ws/src/navigation2/nav2_util/include/nav2_util/service_client.hpp:47:13:[m[K [01;31m[Kerror: [m[Kcannot convert â€˜[01m[Krclcpp::SystemDefaultsQoS[m[Kâ€™ to â€˜[01m[Kconst rmw_qos_profile_t&[m[Kâ€™
[5.443s]    47 |     client_ = node_->template create_client<ServiceT>(
[5.443s] In file included from [01m[K/opt/ros/galactic/include/rclcpp/node.hpp:1329[m[K,
[5.443s]                  from [01m[K/opt/ros/galactic/include/rclcpp/executors/single_threaded_executor.hpp:28[m[K,
[5.443s]                  from [01m[K/opt/ros/galactic/include/rclcpp/executors.hpp:22[m[K,
[5.443s]                  from [01m[K/opt/ros/galactic/include/rclcpp/rclcpp.hpp:156[m[K,
[5.443s]                  from [01m[K/home/coderey/ros2_ws/src/navigation2/nav2_util/include/nav2_util/service_client.hpp:20[m[K,
[5.443s]                  from [01m[K/home/coderey/ros2_ws/src/navigation2/nav2_util/include/nav2_util/lifecycle_service_client.hpp:24[m[K,
[5.443s]                  from [01m[K/home/coderey/ros2_ws/src/navigation2/nav2_util/src/lifecycle_service_client.cpp:15[m[K:
[5.443s] [01m[K/opt/ros/galactic/include/rclcpp/node_impl.hpp:128:29:[m[K [01;36m[Knote: [m[K  initializing argument 2 of â€˜[01m[Ktypename rclcpp::Client<ServiceT>::SharedPtr rclcpp::Node::create_client(const string&, const rmw_qos_profile_t&, rclcpp::CallbackGroup::SharedPtr) [with ServiceT = lifecycle_msgs::srv::GetState; typename rclcpp::Client<ServiceT>::SharedPtr = std::shared_ptr<rclcpp::Client<lifecycle_msgs::srv::GetState> >; std::string = std::__cxx11::basic_string<char>; rmw_qos_profile_t = rmw_qos_profile_t; rclcpp::CallbackGroup::SharedPtr = std::shared_ptr<rclcpp::CallbackGroup>][m[Kâ€™
[5.443s]   128 |   [01;36m[Kconst rmw_qos_profile_t & qos_profile[m[K,
[5.444s]       |   [01;36m[K~~~~~~~~~~~~~~~~~~~~~~~~~~^~~~~~~~~~~[m[K
[5.451s] In file included from [01m[K/home/coderey/ros2_ws/src/navigation2/nav2_util/include/nav2_util/lifecycle_service_client.hpp:24[m[K,
[5.451s]                  from [01m[K/home/coderey/ros2_ws/src/navigation2/nav2_util/src/lifecycle_service_client.cpp:15[m[K:
[5.451s] /home/coderey/ros2_ws/src/navigation2/nav2_util/include/nav2_util/service_client.hpp: In instantiation of â€˜[01m[Ktypename ServiceT::Response::SharedPtr nav2_util::ServiceClient<ServiceT, NodeT>::invoke(typename ServiceT::Request::SharedPtr&, std::chrono::nanoseconds) [with ServiceT = lifecycle_msgs::srv::ChangeState; NodeT = std::shared_ptr<rclcpp::Node>; typename ServiceT::Response::SharedPtr = std::shared_ptr<lifecycle_msgs::srv::ChangeState_Response_<std::allocator<void> > >; typename ServiceT::Request::SharedPtr = std::shared_ptr<lifecycle_msgs::srv::ChangeState_Request_<std::allocator<void> > >; std::chrono::nanoseconds = std::chrono::duration<long int, std::ratio<1, 1000000000> >][m[Kâ€™:
[5.451s] [01m[K/home/coderey/ros2_ws/src/navigation2/nav2_util/src/lifecycle_service_client.cpp:73:56:[m[K   required from here
[5.451s] [01m[K/home/coderey/ros2_ws/src/navigation2/nav2_util/include/nav2_util/service_client.hpp:85:16:[m[K [01;31m[Kerror: [m[Kâ€˜[01m[Kusing element_type = class rclcpp::Client<lifecycle_msgs::srv::ChangeState>[m[Kâ€™ {aka â€˜[01m[Kclass rclcpp::Client<lifecycle_msgs::srv::ChangeState>[m[Kâ€™} has no member named â€˜[01m[Kremove_pending_request[m[Kâ€™
[5.451s]    85 |       [01;31m[Kclient_->remove_pending_request[m[K(future_result);
[5.451s]       |       [01;31m[K~~~~~~~~~^~~~~~~~~~~~~~~~~~~~~~[m[K
[5.454s] /home/coderey/ros2_ws/src/navigation2/nav2_util/include/nav2_util/service_client.hpp: In instantiation of â€˜[01m[Kbool nav2_util::ServiceClient<ServiceT, NodeT>::invoke(typename ServiceT::Request::SharedPtr&, typename ServiceT::Response::SharedPtr&) [with ServiceT = lifecycle_msgs::srv::ChangeState; NodeT = std::shared_ptr<rclcpp::Node>; typename ServiceT::Request::SharedPtr = std::shared_ptr<lifecycle_msgs::srv::ChangeState_Request_<std::allocator<void> > >; typename ServiceT::Response::SharedPtr = std::shared_ptr<lifecycle_msgs::srv::ChangeState_Response_<std::allocator<void> > >][m[Kâ€™:
[5.454s] [01m[K/home/coderey/ros2_ws/src/navigation2/nav2_util/src/lifecycle_service_client.cpp:87:48:[m[K   required from here
[5.454s] [01m[K/home/coderey/ros2_ws/src/navigation2/nav2_util/include/nav2_util/service_client.hpp:121:16:[m[K [01;31m[Kerror: [m[Kâ€˜[01m[Kusing element_type = class rclcpp::Client<lifecycle_msgs::srv::ChangeState>[m[Kâ€™ {aka â€˜[01m[Kclass rclcpp::Client<lifecycle_msgs::srv::ChangeState>[m[Kâ€™} has no member named â€˜[01m[Kremove_pending_request[m[Kâ€™
[5.454s]   121 |       [01;31m[Kclient_->remove_pending_request[m[K(future_result);
[5.455s]       |       [01;31m[K~~~~~~~~~^~~~~~~~~~~~~~~~~~~~~~[m[K
[5.457s] /home/coderey/ros2_ws/src/navigation2/nav2_util/include/nav2_util/service_client.hpp: In instantiation of â€˜[01m[Ktypename ServiceT::Response::SharedPtr nav2_util::ServiceClient<ServiceT, NodeT>::invoke(typename ServiceT::Request::SharedPtr&, std::chrono::nanoseconds) [with ServiceT = lifecycle_msgs::srv::GetState; NodeT = std::shared_ptr<rclcpp::Node>; typename ServiceT::Response::SharedPtr = std::shared_ptr<lifecycle_msgs::srv::GetState_Response_<std::allocator<void> > >; typename ServiceT::Request::SharedPtr = std::shared_ptr<lifecycle_msgs::srv::GetState_Request_<std::allocator<void> > >; std::chrono::nanoseconds = std::chrono::duration<long int, std::ratio<1, 1000000000> >][m[Kâ€™:
[5.457s] [01m[K/home/coderey/ros2_ws/src/navigation2/nav2_util/src/lifecycle_service_client.cpp:98:51:[m[K   required from here
[5.457s] [01m[K/home/coderey/ros2_ws/src/navigation2/nav2_util/include/nav2_util/service_client.hpp:85:16:[m[K [01;31m[Kerror: [m[Kâ€˜[01m[Kusing element_type = class rclcpp::Client<lifecycle_msgs::srv::GetState>[m[Kâ€™ {aka â€˜[01m[Kclass rclcpp::Client<lifecycle_msgs::srv::GetState>[m[Kâ€™} has no member named â€˜[01m[Kremove_pending_request[m[Kâ€™
[5.457s]    85 |       [01;31m[Kclient_->remove_pending_request[m[K(future_result);
[5.457s]       |       [01;31m[K~~~~~~~~~^~~~~~~~~~~~~~~~~~~~~~[m[K
[6.054s] make[2]: *** [src/CMakeFiles/nav2_util_core.dir/build.make:89: src/CMakeFiles/nav2_util_core.dir/lifecycle_service_client.cpp.o] Error 1
[6.186s] In file included from [01m[K/home/coderey/ros2_ws/src/navigation2/nav2_util/src/lifecycle_node.cpp:15[m[K:
[6.186s] [01m[K/home/coderey/ros2_ws/src/navigation2/nav2_util/include/nav2_util/lifecycle_node.hpp:199:27:[m[K [01;31m[Kerror: [m[Kâ€˜[01m[KPreShutdownCallbackHandle[m[Kâ€™ is not a member of â€˜[01m[Krclcpp[m[Kâ€™; did you mean â€˜[01m[KOnShutdownCallbackHandle[m[Kâ€™?
[6.186s]   199 |   std::unique_ptr<rclcpp::[01;31m[KPreShutdownCallbackHandle[m[K> rcl_preshutdown_cb_handle_{nullptr};
[6.186s]       |                           [01;31m[K^~~~~~~~~~~~~~~~~~~~~~~~~[m[K
[6.187s]       |                           [32m[KOnShutdownCallbackHandle[m[K
[6.187s] [01m[K/home/coderey/ros2_ws/src/navigation2/nav2_util/include/nav2_util/lifecycle_node.hpp:199:52:[m[K [01;31m[Kerror: [m[Ktemplate argument 1 is invalid
[6.187s]   199 |   std::unique_ptr<rclcpp::PreShutdownCallbackHandle[01;31m[K>[m[K rcl_preshutdown_cb_handle_{nullptr};
[6.187s]       |                                                    [01;31m[K^[m[K
[6.187s] [01m[K/home/coderey/ros2_ws/src/navigation2/nav2_util/include/nav2_util/lifecycle_node.hpp:199:52:[m[K [01;31m[Kerror: [m[Ktemplate argument 2 is invalid
[6.193s] [01m[K/home/coderey/ros2_ws/src/navigation2/nav2_util/include/nav2_util/lifecycle_node.hpp:199:88:[m[K [01;31m[Kerror: [m[Kcannot convert â€˜[01m[K<brace-enclosed initializer list>[m[Kâ€™ to â€˜[01m[Kint[m[Kâ€™ in initialization
[6.193s]   199 |   std::unique_ptr<rclcpp::PreShutdownCallbackHandle> rcl_preshutdown_cb_handle_{nullptr[01;31m[K}[m[K;
[6.193s]       |                                                                                        [01;31m[K^[m[K
[6.204s] [01m[K/home/coderey/ros2_ws/src/navigation2/nav2_util/src/lifecycle_node.cpp:[m[K In destructor â€˜[01m[Kvirtual nav2_util::LifecycleNode::~LifecycleNode()[m[Kâ€™:
[6.204s] [01m[K/home/coderey/ros2_ws/src/navigation2/nav2_util/src/lifecycle_node.cpp:51:14:[m[K [01;31m[Kerror: [m[Kâ€˜[01m[Kusing element_type = class rclcpp::Context[m[Kâ€™ {aka â€˜[01m[Kclass rclcpp::Context[m[Kâ€™} has no member named â€˜[01m[Kremove_pre_shutdown_callback[m[Kâ€™; did you mean â€˜[01m[Kremove_on_shutdown_callback[m[Kâ€™?
[6.204s]    51 |     context->[01;31m[Kremove_pre_shutdown_callback[m[K(*(rcl_preshutdown_cb_handle_.get()));
[6.205s]       |              [01;31m[K^~~~~~~~~~~~~~~~~~~~~~~~~~~~[m[K
[6.205s]       |              [32m[Kremove_on_shutdown_callback[m[K
[6.205s] [01m[K/home/coderey/ros2_ws/src/navigation2/nav2_util/src/lifecycle_node.cpp:51:72:[m[K [01;31m[Kerror: [m[Krequest for member â€˜[01m[Kget[m[Kâ€™ in â€˜[01m[K((nav2_util::LifecycleNode*)this)->nav2_util::LifecycleNode::rcl_preshutdown_cb_handle_[m[Kâ€™, which is of non-class type â€˜[01m[Kint[m[Kâ€™
[6.205s]    51 |     context->remove_pre_shutdown_callback(*(rcl_preshutdown_cb_handle_.[01;31m[Kget[m[K()));
[6.205s]       |                                                                        [01;31m[K^~~[m[K
[6.205s] [01m[K/home/coderey/ros2_ws/src/navigation2/nav2_util/src/lifecycle_node.cpp:52:32:[m[K [01;31m[Kerror: [m[Krequest for member â€˜[01m[Kreset[m[Kâ€™ in â€˜[01m[K((nav2_util::LifecycleNode*)this)->nav2_util::LifecycleNode::rcl_preshutdown_cb_handle_[m[Kâ€™, which is of non-class type â€˜[01m[Kint[m[Kâ€™
[6.205s]    52 |     rcl_preshutdown_cb_handle_.[01;31m[Kreset[m[K();
[6.205s]       |                                [01;31m[K^~~~~[m[K
[6.208s] [01m[K/home/coderey/ros2_ws/src/navigation2/nav2_util/src/lifecycle_node.cpp:[m[K In member function â€˜[01m[Kvoid nav2_util::LifecycleNode::register_rcl_preshutdown_callback()[m[Kâ€™:
[6.208s] [01m[K/home/coderey/ros2_ws/src/navigation2/nav2_util/src/lifecycle_node.cpp:105:57:[m[K [01;31m[Kerror: [m[Kâ€˜[01m[KPreShutdownCallbackHandle[m[Kâ€™ is not a member of â€˜[01m[Krclcpp[m[Kâ€™; did you mean â€˜[01m[KOnShutdownCallbackHandle[m[Kâ€™?
[6.208s]   105 |   rcl_preshutdown_cb_handle_ = std::make_unique<rclcpp::[01;31m[KPreShutdownCallbackHandle[m[K>(
[6.208s]       |                                                         [01;31m[K^~~~~~~~~~~~~~~~~~~~~~~~~[m[K
[6.208s]       |                                                         [32m[KOnShutdownCallbackHandle[m[K
[6.208s] [01m[K/home/coderey/ros2_ws/src/navigation2/nav2_util/src/lifecycle_node.cpp:106:14:[m[K [01;31m[Kerror: [m[Kâ€˜[01m[Kusing element_type = class rclcpp::Context[m[Kâ€™ {aka â€˜[01m[Kclass rclcpp::Context[m[Kâ€™} has no member named â€˜[01m[Kadd_pre_shutdown_callback[m[Kâ€™; did you mean â€˜[01m[Kadd_on_shutdown_callback[m[Kâ€™?
[6.208s]   106 |     context->[01;31m[Kadd_pre_shutdown_callback[m[K(
[6.209s]       |              [01;31m[K^~~~~~~~~~~~~~~~~~~~~~~~~[m[K
[6.209s]       |              [32m[Kadd_on_shutdown_callback[m[K
[6.692s] make[2]: *** [src/CMakeFiles/nav2_util_core.dir/build.make:128: src/CMakeFiles/nav2_util_core.dir/lifecycle_node.cpp.o] Error 1
[6.878s] make[1]: *** [CMakeFiles/Makefile2:241: src/CMakeFiles/nav2_util_core.dir/all] Error 2
[6.878s] make: *** [Makefile:141: all] Error 2
[6.880s] Invoked command in '/home/coderey/ros2_ws/build/nav2_util' returned '2': AMENT_PREFIX_PATH=/home/coderey/ros2_ws/install/nav2_msgs:/home/coderey/ros2_ws/install/nav2_common:${AMENT_PREFIX_PATH} CMAKE_PREFIX_PATH=/home/coderey/ros2_ws/install/nav2_msgs:/home/coderey/ros2_ws/install/nav2_common:/home/coderey/ros2_ws/install/sam_bot_description:/home/coderey/ros2_ws/install/robot_localization:/home/coderey/ros2_ws/install/nav2_straightline_planner:/home/coderey/ros2_ws/install/nav2_gradient_costmap_plugin:/home/coderey/ros2_ws/install/nav2_costmap_filters_demo:/home/coderey/ros2_ws/install/marvelmind_ros2:/home/coderey/ros2_ws/install/marvelmind_ros2_msgs:/home/coderey/ros2_ws/install/groot:/home/coderey/microros_ws/install/micro_ros_demos_rclc:/home/coderey/microros_ws/install/common_interfaces:/home/coderey/microros_ws/install/visualization_msgs:/home/coderey/microros_ws/install/test_msgs:/home/coderey/microros_ws/install/example_interfaces:/home/coderey/microros_ws/install/action_msgs:/home/coderey/microros_ws/install/unique_identifier_msgs:/home/coderey/microros_ws/install/trajectory_msgs:/home/coderey/microros_ws/install/stereo_msgs:/home/coderey/microros_ws/install/std_srvs:/home/coderey/microros_ws/install/shape_msgs:/home/coderey/microros_ws/install/sensor_msgs:/home/coderey/microros_ws/install/nav_msgs:/home/coderey/microros_ws/install/diagnostic_msgs:/home/coderey/microros_ws/install/geometry_msgs:/home/coderey/microros_ws/install/drive_base_msgs:/home/coderey/microros_ws/install/actionlib_msgs:/home/coderey/microros_ws/install/std_msgs:/home/coderey/microros_ws/install/statistics_msgs:/home/coderey/microros_ws/install/rosidl_typesupport_microxrcedds_test_msg:/home/coderey/microros_ws/install/rosidl_typesupport_microxrcedds_cpp_tests:/home/coderey/microros_ws/install/rmw_microxrcedds:/home/coderey/microros_ws/install/rosidl_typesupport_microxrcedds_cpp:/home/coderey/microros_ws/install/rosidl_typesupport_microxrcedds_c_tests:/home/coderey/microros_ws/install/rosidl_typesupport_microxrcedds_c:/home/coderey/microros_ws/install/rosgraph_msgs:/home/coderey/microros_ws/install/rclc_parameter:/home/coderey/microros_ws/install/rclc:/home/coderey/microros_ws/install/composition_interfaces:/home/coderey/microros_ws/install/rcl_interfaces:/home/coderey/microros_ws/install/microxrcedds_client:/home/coderey/microros_ws/install/microcdr:/home/coderey/microros_ws/install/micro_ros_utilities:/home/coderey/microros_ws/install/micro_ros_setup:/home/coderey/microros_ws/install/micro_ros_agent:/home/coderey/microros_ws/install/micro_ros_msgs:/home/coderey/microros_ws/install/micro_ros_demos_rclcpp:/home/coderey/microros_ws/install/lifecycle_msgs:/home/coderey/microros_ws/install/complex_msgs:/home/coderey/microros_ws/install/builtin_interfaces:/home/coderey/ros2_ws/install/swisscat_robot:/home/coderey/ros2_ws/install/nav2_gps_waypoint_follower_demo:/home/coderey/ros2_ws/install/mob_rob_loca:/home/coderey/ros2_ws/install/bno055:/home/coderey/microros_ws/install/sensor_msgs_py:/opt/ros/galactic LD_LIBRARY_PATH=/home/coderey/ros2_ws/install/nav2_msgs/lib:${LD_LIBRARY_PATH} PYTHONPATH=/home/coderey/ros2_ws/install/nav2_msgs/lib/python3.8/site-packages:/home/coderey/ros2_ws/install/nav2_common/lib/python3.8/site-packages:${PYTHONPATH} /usr/bin/cmake --build /home/coderey/ros2_ws/build/nav2_util -- -j8 -l8
