[01m[K/home/coderey/ros2_ws/src/navigation2/nav2_velocity_smoother/src/velocity_smoother.cpp:[m[K In constructor â€˜[01m[Knav2_velocity_smoother::VelocitySmoother::VelocitySmoother(const rclcpp::NodeOptions&)[m[Kâ€™:
[01m[K/home/coderey/ros2_ws/src/navigation2/nav2_velocity_smoother/src/velocity_smoother.cpp:34:57:[m[K [01;31m[Kerror: [m[Kno matching function for call to â€˜[01m[Knav2_util::LifecycleNode::LifecycleNode(const char [18], const char [1], const rclcpp::NodeOptions&)[m[Kâ€™
   34 |   last_command_time_{0, 0, get_clock()->get_clock_type()[01;31m[K}[m[K
      |                                                         [01;31m[K^[m[K
In file included from [01m[K/home/coderey/ros2_ws/src/navigation2/nav2_velocity_smoother/include/nav2_velocity_smoother/velocity_smoother.hpp:25[m[K,
                 from [01m[K/home/coderey/ros2_ws/src/navigation2/nav2_velocity_smoother/src/velocity_smoother.cpp:22[m[K:
[01m[K/opt/ros/galactic/include/nav2_util/lifecycle_node.hpp:53:3:[m[K [01;36m[Knote: [m[Kcandidate: â€˜[01m[Knav2_util::LifecycleNode::LifecycleNode(const string&, const string&, bool, const rclcpp::NodeOptions&)[m[Kâ€™
   53 |   [01;36m[KLifecycleNode[m[K(
      |   [01;36m[K^~~~~~~~~~~~~[m[K
[01m[K/opt/ros/galactic/include/nav2_util/lifecycle_node.hpp:56:10:[m[K [01;36m[Knote: [m[K  no known conversion for argument 3 from â€˜[01m[Kconst rclcpp::NodeOptions[m[Kâ€™ to â€˜[01m[Kbool[m[Kâ€™
   56 |     [01;36m[Kbool use_rclcpp_node = false[m[K,
      |     [01;36m[K~~~~~^~~~~~~~~~~~~~~~~~~~~~~[m[K
[01m[K/home/coderey/ros2_ws/src/navigation2/nav2_velocity_smoother/src/velocity_smoother.cpp:[m[K In member function â€˜[01m[Kvoid nav2_velocity_smoother::VelocitySmoother::inputCommandCallback(geometry_msgs::msg::Twist_<std::allocator<void> >::SharedPtr)[m[Kâ€™:
[01m[K/home/coderey/ros2_ws/src/navigation2/nav2_velocity_smoother/src/velocity_smoother.cpp:185:19:[m[K [01;31m[Kerror: [m[Kâ€˜[01m[KvalidateTwist[m[Kâ€™ is not a member of â€˜[01m[Knav2_util[m[Kâ€™
  185 |   if (!nav2_util::[01;31m[KvalidateTwist[m[K(*msg)) {
      |                   [01;31m[K^~~~~~~~~~~~~[m[K
make[2]: *** [CMakeFiles/velocity_smoother_core.dir/build.make:63: CMakeFiles/velocity_smoother_core.dir/src/velocity_smoother.cpp.o] Error 1
make[1]: *** [CMakeFiles/Makefile2:148: CMakeFiles/velocity_smoother_core.dir/all] Error 2
make[1]: *** Waiting for unfinished jobs....
make: *** [Makefile:141: all] Error 2
