-- The C compiler identification is GNU 9.4.0
-- The CXX compiler identification is GNU 9.4.0
-- Check for working C compiler: /usr/bin/cc
-- Check for working C compiler: /usr/bin/cc -- works
-- Detecting C compiler ABI info
-- Detecting C compiler ABI info - done
-- Detecting C compile features
-- Detecting C compile features - done
-- Check for working CXX compiler: /usr/bin/c++
-- Check for working CXX compiler: /usr/bin/c++ -- works
-- Detecting CXX compiler ABI info
-- Detecting CXX compiler ABI info - done
-- Detecting CXX compile features
-- Detecting CXX compile features - done
-- Found ament_cmake: 1.1.6 (/opt/ros/galactic/share/ament_cmake/cmake)
-- Found PythonInterp: /usr/bin/python3 (found suitable version "3.8.10", minimum required is "3") 
-- Using PYTHON_EXECUTABLE: /usr/bin/python3
-- Found nav2_common: 1.2.0 (/home/coderey/ros2_ws/install/nav2_common/share/nav2_common/cmake)
-- Found rclcpp: 9.2.2 (/opt/ros/galactic/share/rclcpp/cmake)
-- Using all available rosidl_typesupport_c: rosidl_typesupport_microxrcedds_c;rosidl_typesupport_fastrtps_c;rosidl_typesupport_introspection_c
-- Found rosidl_adapter: 2.2.3 (/opt/ros/galactic/share/rosidl_adapter/cmake)
-- Found OpenSSL: /usr/lib/x86_64-linux-gnu/libcrypto.so (found version "1.1.1f")  
-- Found FastRTPS: /opt/ros/galactic/include  
-- Using all available rosidl_typesupport_cpp: rosidl_typesupport_microxrcedds_cpp;rosidl_typesupport_fastrtps_cpp;rosidl_typesupport_introspection_cpp
-- Found rmw_implementation_cmake: 3.3.1 (/opt/ros/galactic/share/rmw_implementation_cmake/cmake)
-- Found rmw_cyclonedds_cpp: 0.22.6 (/opt/ros/galactic/share/rmw_cyclonedds_cpp/cmake)
-- Using RMW implementation 'rmw_cyclonedds_cpp' as default
-- Looking for pthread.h
-- Looking for pthread.h - found
-- Performing Test CMAKE_HAVE_LIBC_PTHREAD
-- Performing Test CMAKE_HAVE_LIBC_PTHREAD - Failed
-- Looking for pthread_create in pthreads
-- Looking for pthread_create in pthreads - not found
-- Looking for pthread_create in pthread
-- Looking for pthread_create in pthread - found
-- Found Threads: TRUE  
-- Found rclcpp_components: 9.2.2 (/opt/ros/galactic/share/rclcpp_components/cmake)
-- Found geometry_msgs: 2.2.4 (/home/coderey/microros_ws/install/geometry_msgs/share/geometry_msgs/cmake)
-- Found nav2_util: 1.0.12 (/opt/ros/galactic/share/nav2_util/cmake)
-- Found eigen3_cmake_module: 0.1.1 (/opt/ros/galactic/share/eigen3_cmake_module/cmake)
-- Found Eigen3: TRUE (found version "3.3.7") 
-- Setting build type to Release as none was specified.
-- Found ament_lint_auto: 0.10.7 (/opt/ros/galactic/share/ament_lint_auto/cmake)
-- Found gtest sources under '/opt/ros/galactic/src/gtest_vendor': C++ tests using 'Google Test' will be built
-- Check if compiler accepts -pthread
-- Check if compiler accepts -pthread - yes
-- Added test 'cppcheck' to perform static code analysis on C / C++ code
-- Configured cppcheck include dirs: /home/coderey/ros2_ws/src/navigation2/nav2_velocity_smoother/include
-- Configured cppcheck exclude dirs and/or files: 
-- Added test 'cpplint' to check C / C++ code against the Google style
-- Configured cpplint exclude dirs and/or files: 
-- Added test 'lint_cmake' to check CMake code style
-- Added test 'uncrustify' to check C / C++ code style
-- Configured uncrustify additional arguments: 
-- Added test 'xmllint' to check XML markup files
-- Configuring done
-- Generating done
-- Build files have been written to: /home/coderey/ros2_ws/build/nav2_velocity_smoother
[35m[1mScanning dependencies of target gtest[0m
[35m[1mScanning dependencies of target velocity_smoother_core[0m
[35m[1mScanning dependencies of target gtest_main[0m
[ 10%] [32mBuilding CXX object gtest/CMakeFiles/gtest_main.dir/src/gtest_main.cc.o[0m
[ 20%] [32mBuilding CXX object gtest/CMakeFiles/gtest.dir/src/gtest-all.cc.o[0m
[ 30%] [32mBuilding CXX object CMakeFiles/velocity_smoother_core.dir/src/velocity_smoother.cpp.o[0m
[ 40%] [32m[1mLinking CXX static library libgtest_main.a[0m
[ 40%] Built target gtest_main
[01m[K/home/coderey/ros2_ws/src/navigation2/nav2_velocity_smoother/src/velocity_smoother.cpp:[m[K In constructor â€˜[01m[Knav2_velocity_smoother::VelocitySmoother::VelocitySmoother(const rclcpp::NodeOptions&)[m[Kâ€™:
[01m[K/home/coderey/ros2_ws/src/navigation2/nav2_velocity_smoother/src/velocity_smoother.cpp:34:57:[m[K [01;31m[Kerror: [m[Kno matching function for call to â€˜[01m[Knav2_util::LifecycleNode::LifecycleNode(const char [18], const char [1], const rclcpp::NodeOptions&)[m[Kâ€™
   34 |   last_command_time_{0, 0, get_clock()->get_clock_type()[01;31m[K}[m[K
      |                                                         [01;31m[K^[m[K
In file included from [01m[K/home/coderey/ros2_ws/src/navigation2/nav2_velocity_smoother/include/nav2_velocity_smoother/velocity_smoother.hpp:25[m[K,
                 from [01m[K/home/coderey/ros2_ws/src/navigation2/nav2_velocity_smoother/src/velocity_smoother.cpp:22[m[K:
[01m[K/opt/ros/galactic/include/nav2_util/lifecycle_node.hpp:53:3:[m[K [01;36m[Knote: [m[Kcandidate: â€˜[01m[Knav2_util::LifecycleNode::LifecycleNode(const string&, const string&, bool, const rclcpp::NodeOptions&)[m[Kâ€™
   53 |   [01;36m[KLifecycleNode[m[K(
      |   [01;36m[K^~~~~~~~~~~~~[m[K
[01m[K/opt/ros/galactic/include/nav2_util/lifecycle_node.hpp:56:10:[m[K [01;36m[Knote: [m[K  no known conversion for argument 3 from â€˜[01m[Kconst rclcpp::NodeOptions[m[Kâ€™ to â€˜[01m[Kbool[m[Kâ€™
   56 |     [01;36m[Kbool use_rclcpp_node = false[m[K,
      |     [01;36m[K~~~~~^~~~~~~~~~~~~~~~~~~~~~~[m[K
[01m[K/home/coderey/ros2_ws/src/navigation2/nav2_velocity_smoother/src/velocity_smoother.cpp:[m[K In member function â€˜[01m[Kvoid nav2_velocity_smoother::VelocitySmoother::inputCommandCallback(geometry_msgs::msg::Twist_<std::allocator<void> >::SharedPtr)[m[Kâ€™:
[01m[K/home/coderey/ros2_ws/src/navigation2/nav2_velocity_smoother/src/velocity_smoother.cpp:185:19:[m[K [01;31m[Kerror: [m[Kâ€˜[01m[KvalidateTwist[m[Kâ€™ is not a member of â€˜[01m[Knav2_util[m[Kâ€™
  185 |   if (!nav2_util::[01;31m[KvalidateTwist[m[K(*msg)) {
      |                   [01;31m[K^~~~~~~~~~~~~[m[K
make[2]: *** [CMakeFiles/velocity_smoother_core.dir/build.make:63: CMakeFiles/velocity_smoother_core.dir/src/velocity_smoother.cpp.o] Error 1
make[1]: *** [CMakeFiles/Makefile2:148: CMakeFiles/velocity_smoother_core.dir/all] Error 2
make[1]: *** Waiting for unfinished jobs....
[ 50%] [32m[1mLinking CXX static library libgtest.a[0m
[ 50%] Built target gtest
make: *** [Makefile:141: all] Error 2
