-- Found ament_cmake: 1.1.6 (/opt/ros/galactic/share/ament_cmake/cmake)
-- Using PYTHON_EXECUTABLE: /usr/bin/python3
-- Override CMake install command with custom implementation using symlinks instead of copying resources
-- Found nav2_common: 1.0.12 (/home/coderey/ros2_ws/install/nav2_common/share/nav2_common/cmake)
-- Found rclcpp: 9.2.2 (/opt/ros/galactic/share/rclcpp/cmake)
-- Using all available rosidl_typesupport_c: rosidl_typesupport_microxrcedds_c;rosidl_typesupport_fastrtps_c;rosidl_typesupport_introspection_c
-- Found rosidl_adapter: 2.2.3 (/opt/ros/galactic/share/rosidl_adapter/cmake)
-- Using all available rosidl_typesupport_cpp: rosidl_typesupport_microxrcedds_cpp;rosidl_typesupport_fastrtps_cpp;rosidl_typesupport_introspection_cpp
-- Found rmw_implementation_cmake: 3.3.1 (/opt/ros/galactic/share/rmw_implementation_cmake/cmake)
-- Found rmw_cyclonedds_cpp: 0.22.6 (/opt/ros/galactic/share/rmw_cyclonedds_cpp/cmake)
-- Using RMW implementation 'rmw_cyclonedds_cpp' as default
-- Found rclcpp_action: 9.2.2 (/opt/ros/galactic/share/rclcpp_action/cmake)
-- Found rclcpp_lifecycle: 9.2.2 (/opt/ros/galactic/share/rclcpp_lifecycle/cmake)
-- Found geometry_msgs: 2.2.4 (/home/coderey/microros_ws/install/geometry_msgs/share/geometry_msgs/cmake)
-- Found sensor_msgs: 2.2.4 (/home/coderey/microros_ws/install/sensor_msgs/share/sensor_msgs/cmake)
-- Found nav2_msgs: 1.0.12 (/home/coderey/ros2_ws/install/nav2_msgs/share/nav2_msgs/cmake)
-- Found tf2_ros: 0.17.5 (/opt/ros/galactic/share/tf2_ros/cmake)
-- Found tf2_geometry_msgs: 0.17.5 (/opt/ros/galactic/share/tf2_geometry_msgs/cmake)
-- Found eigen3_cmake_module: 0.1.1 (/opt/ros/galactic/share/eigen3_cmake_module/cmake)
-- Found std_srvs: 2.2.4 (/home/coderey/microros_ws/install/std_srvs/share/std_srvs/cmake)
-- Found nav2_util: 1.0.12 (/home/coderey/ros2_ws/install/nav2_util/share/nav2_util/cmake)
-- Found ament_lint_auto: 0.10.7 (/opt/ros/galactic/share/ament_lint_auto/cmake)
-- Found gtest sources under '/opt/ros/galactic/src/gtest_vendor': C++ tests using 'Google Test' will be built
-- Added test 'copyright' to check source files copyright and LICENSE
-- Added test 'cppcheck' to perform static code analysis on C / C++ code
-- Configured cppcheck include dirs: /home/coderey/ros2_ws/src/navigation2/nav2_behavior_tree/include
-- Configured cppcheck exclude dirs and/or files: 
-- Added test 'cpplint' to check C / C++ code against the Google style
-- Configured cpplint exclude dirs and/or files: 
-- Added test 'lint_cmake' to check CMake code style
-- Added test 'uncrustify' to check C / C++ code style
-- Configured uncrustify additional arguments: 
-- Added test 'xmllint' to check XML markup files
-- Configuring done
-- Generating done
-- Build files have been written to: /home/coderey/ros2_ws/build/nav2_behavior_tree
[  1%] [32mBuilding CXX object CMakeFiles/nav2_goal_updated_controller_bt_node.dir/plugins/decorator/goal_updated_controller.cpp.o[0m
[  1%] [32m[1mLinking CXX shared library libnav2_goal_updated_controller_bt_node.so[0m
[  1%] Built target nav2_goal_updated_controller_bt_node
[  2%] [32mBuilding CXX object CMakeFiles/nav2_wait_action_bt_node.dir/plugins/action/wait_action.cpp.o[0m
[  3%] [32mBuilding CXX object CMakeFiles/nav2_spin_action_bt_node.dir/plugins/action/spin_action.cpp.o[0m
[  4%] [32mBuilding CXX object CMakeFiles/nav2_pipeline_sequence_bt_node.dir/plugins/control/pipeline_sequence.cpp.o[0m
[  5%] [32mBuilding CXX object CMakeFiles/nav2_transform_available_condition_bt_node.dir/plugins/condition/transform_available_condition.cpp.o[0m
[  6%] [32mBuilding CXX object CMakeFiles/nav2_single_trigger_bt_node.dir/plugins/decorator/single_trigger_node.cpp.o[0m
[  7%] [32mBuilding CXX object CMakeFiles/nav2_planner_selector_bt_node.dir/plugins/action/planner_selector_node.cpp.o[0m
[  7%] [32mBuilding CXX object CMakeFiles/nav2_controller_selector_bt_node.dir/plugins/action/controller_selector_node.cpp.o[0m
[  7%] [32m[1mLinking CXX shared library libnav2_pipeline_sequence_bt_node.so[0m
[  7%] Built target nav2_pipeline_sequence_bt_node
[  8%] [32m[1mLinking CXX shared library libnav2_single_trigger_bt_node.so[0m
[  8%] Built target nav2_single_trigger_bt_node
[  8%] [32m[1mLinking CXX shared library libnav2_wait_action_bt_node.so[0m
[  8%] Built target nav2_wait_action_bt_node
[  8%] [32m[1mLinking CXX shared library libnav2_transform_available_condition_bt_node.so[0m
[  8%] Built target nav2_transform_available_condition_bt_node
[  8%] [32m[1mLinking CXX shared library libnav2_spin_action_bt_node.so[0m
[  8%] Built target nav2_spin_action_bt_node
[  9%] [32m[1mLinking CXX shared library libnav2_planner_selector_bt_node.so[0m
[  9%] Built target nav2_planner_selector_bt_node
[ 10%] [32m[1mLinking CXX shared library libnav2_controller_selector_bt_node.so[0m
[ 10%] Built target nav2_controller_selector_bt_node
[ 11%] [32mBuilding CXX object CMakeFiles/nav2_goal_updater_node_bt_node.dir/plugins/decorator/goal_updater_node.cpp.o[0m
[ 12%] [32mBuilding CXX object CMakeFiles/nav2_follow_path_action_bt_node.dir/plugins/action/follow_path_action.cpp.o[0m
[ 13%] [32mBuilding CXX object CMakeFiles/nav2_behavior_tree.dir/src/behavior_tree_engine.cpp.o[0m
[ 13%] [32mBuilding CXX object CMakeFiles/nav2_is_stuck_condition_bt_node.dir/plugins/condition/is_stuck_condition.cpp.o[0m
[ 14%] [32mBuilding CXX object CMakeFiles/nav2_goal_updated_condition_bt_node.dir/plugins/condition/goal_updated_condition.cpp.o[0m
[ 15%] [32mBuilding CXX object CMakeFiles/nav2_compute_path_to_pose_action_bt_node.dir/plugins/action/compute_path_to_pose_action.cpp.o[0m
[ 15%] [32m[1mLinking CXX shared library libnav2_behavior_tree.so[0m
[ 15%] [32mBuilding CXX object CMakeFiles/nav2_compute_path_through_poses_action_bt_node.dir/plugins/action/compute_path_through_poses_action.cpp.o[0m
[ 15%] Built target nav2_behavior_tree
[ 16%] [32mBuilding CXX object CMakeFiles/nav2_goal_checker_selector_bt_node.dir/plugins/action/goal_checker_selector_node.cpp.o[0m
[ 17%] [32m[1mLinking CXX shared library libnav2_goal_updated_condition_bt_node.so[0m
[ 17%] Built target nav2_goal_updated_condition_bt_node
[ 17%] [32m[1mLinking CXX shared library libnav2_follow_path_action_bt_node.so[0m
[ 17%] Built target nav2_follow_path_action_bt_node
[ 18%] [32m[1mLinking CXX shared library libnav2_goal_updater_node_bt_node.so[0m
[ 18%] Built target nav2_goal_updater_node_bt_node
[ 19%] [32m[1mLinking CXX shared library libnav2_compute_path_to_pose_action_bt_node.so[0m
[ 19%] Built target nav2_compute_path_to_pose_action_bt_node
[ 20%] [32m[1mLinking CXX shared library libnav2_compute_path_through_poses_action_bt_node.so[0m
[ 20%] Built target nav2_compute_path_through_poses_action_bt_node
[ 21%] [32m[1mLinking CXX shared library libnav2_is_stuck_condition_bt_node.so[0m
[ 21%] Built target nav2_is_stuck_condition_bt_node
[ 22%] [32m[1mLinking CXX shared library libnav2_goal_checker_selector_bt_node.so[0m
[ 22%] Built target nav2_goal_checker_selector_bt_node
[ 22%] [32mBuilding CXX object CMakeFiles/nav2_distance_traveled_condition_bt_node.dir/plugins/condition/distance_traveled_condition.cpp.o[0m
[ 23%] [32m[1mLinking CXX shared library libnav2_distance_traveled_condition_bt_node.so[0m
[ 23%] Built target nav2_distance_traveled_condition_bt_node
[ 24%] [32mBuilding CXX object CMakeFiles/nav2_is_battery_low_condition_bt_node.dir/plugins/condition/is_battery_low_condition.cpp.o[0m
[ 24%] [32mBuilding CXX object CMakeFiles/nav2_reinitialize_global_localization_service_bt_node.dir/plugins/action/reinitialize_global_localization_service.cpp.o[0m
[ 25%] [32mBuilding CXX object CMakeFiles/nav2_time_expired_condition_bt_node.dir/plugins/condition/time_expired_condition.cpp.o[0m
[ 25%] [32mBuilding CXX object CMakeFiles/nav2_initial_pose_received_condition_bt_node.dir/plugins/condition/initial_pose_received_condition.cpp.o[0m
[ 26%] [32mBuilding CXX object CMakeFiles/nav2_remove_passed_goals_action_bt_node.dir/plugins/action/remove_passed_goals_action.cpp.o[0m
[ 27%] [32mBuilding CXX object CMakeFiles/nav2_navigate_through_poses_action_bt_node.dir/plugins/action/navigate_through_poses_action.cpp.o[0m
[ 27%] [32mBuilding CXX object CMakeFiles/nav2_round_robin_node_bt_node.dir/plugins/control/round_robin_node.cpp.o[0m
[ 28%] [32mBuilding CXX object CMakeFiles/nav2_goal_reached_condition_bt_node.dir/plugins/condition/goal_reached_condition.cpp.o[0m
[ 29%] [32m[1mLinking CXX shared library libnav2_initial_pose_received_condition_bt_node.so[0m
[ 29%] Built target nav2_initial_pose_received_condition_bt_node
[ 30%] [32mBuilding CXX object CMakeFiles/nav2_rate_controller_bt_node.dir/plugins/decorator/rate_controller.cpp.o[0m
[ 31%] [32m[1mLinking CXX shared library libnav2_round_robin_node_bt_node.so[0m
[ 31%] Built target nav2_round_robin_node_bt_node
[ 32%] [32m[1mLinking CXX shared library libnav2_reinitialize_global_localization_service_bt_node.so[0m
[ 32%] Built target nav2_reinitialize_global_localization_service_bt_node
[ 33%] [32m[1mLinking CXX shared library libnav2_time_expired_condition_bt_node.so[0m
[ 33%] [32m[1mLinking CXX shared library libnav2_rate_controller_bt_node.so[0m
[ 33%] Built target nav2_time_expired_condition_bt_node
[ 33%] Built target nav2_rate_controller_bt_node
[ 34%] [32m[1mLinking CXX shared library libnav2_remove_passed_goals_action_bt_node.so[0m
[ 34%] Built target nav2_remove_passed_goals_action_bt_node
[ 35%] [32m[1mLinking CXX shared library libnav2_is_battery_low_condition_bt_node.so[0m
[ 35%] Built target nav2_is_battery_low_condition_bt_node
[ 35%] [32m[1mLinking CXX shared library libnav2_goal_reached_condition_bt_node.so[0m
[ 35%] Built target nav2_goal_reached_condition_bt_node
[ 35%] [32m[1mLinking CXX shared library libnav2_navigate_through_poses_action_bt_node.so[0m
[ 35%] Built target nav2_navigate_through_poses_action_bt_node
[ 36%] [32mBuilding CXX object CMakeFiles/nav2_recovery_node_bt_node.dir/plugins/control/recovery_node.cpp.o[0m
[ 36%] [32mBuilding CXX object gtest/CMakeFiles/gtest.dir/src/gtest-all.cc.o[0m
[ 37%] [32m[1mLinking CXX shared library libnav2_recovery_node_bt_node.so[0m
[ 37%] Built target nav2_recovery_node_bt_node
[ 38%] [32m[1mLinking CXX static library libgtest.a[0m
[ 38%] Built target gtest
[ 39%] [32mBuilding CXX object gtest/CMakeFiles/gtest_main.dir/src/gtest_main.cc.o[0m
[ 39%] [32m[1mLinking CXX static library libgtest_main.a[0m
[ 39%] Built target gtest_main
[ 40%] [32mBuilding CXX object CMakeFiles/nav2_back_up_action_bt_node.dir/plugins/action/back_up_action.cpp.o[0m
[ 41%] [32mBuilding CXX object CMakeFiles/nav2_navigate_to_pose_action_bt_node.dir/plugins/action/navigate_to_pose_action.cpp.o[0m
[ 41%] [32mBuilding CXX object test/plugins/condition/CMakeFiles/test_condition_distance_traveled.dir/test_distance_traveled.cpp.o[0m
[ 42%] [32mBuilding CXX object test/CMakeFiles/test_bt_conversions.dir/test_bt_conversions.cpp.o[0m
[ 43%] [32mBuilding CXX object CMakeFiles/nav2_truncate_path_action_bt_node.dir/plugins/action/truncate_path_action.cpp.o[0m
[ 43%] [32mBuilding CXX object CMakeFiles/nav2_speed_controller_bt_node.dir/plugins/decorator/speed_controller.cpp.o[0m
[ 44%] [32m[1mLinking CXX executable test_bt_conversions[0m
[ 44%] Built target test_bt_conversions
[ 45%] [32m[1mLinking CXX shared library libnav2_back_up_action_bt_node.so[0m
[ 45%] Built target nav2_back_up_action_bt_node
[ 46%] [32m[1mLinking CXX shared library libnav2_navigate_to_pose_action_bt_node.so[0m
[ 47%] [32m[1mLinking CXX shared library libnav2_truncate_path_action_bt_node.so[0m
[ 47%] Built target nav2_truncate_path_action_bt_node
[ 47%] [32mBuilding CXX object test/plugins/condition/CMakeFiles/test_condition_goal_updated.dir/test_goal_updated.cpp.o[0m
[ 47%] Built target nav2_navigate_to_pose_action_bt_node
[ 48%] [32mBuilding CXX object test/plugins/condition/CMakeFiles/test_condition_initial_pose_received.dir/test_initial_pose_received.cpp.o[0m
[ 49%] [32m[1mLinking CXX shared library libnav2_speed_controller_bt_node.so[0m
[ 50%] [32mBuilding CXX object test/plugins/condition/CMakeFiles/test_condition_is_battery_low.dir/test_is_battery_low.cpp.o[0m
[ 50%] Built target nav2_speed_controller_bt_node
[ 51%] [32mBuilding CXX object test/plugins/condition/CMakeFiles/test_condition_time_expired.dir/test_time_expired.cpp.o[0m
[ 52%] [32mBuilding CXX object CMakeFiles/nav2_clear_costmap_service_bt_node.dir/plugins/action/clear_costmap_service.cpp.o[0m
[ 52%] [32mBuilding CXX object test/plugins/condition/CMakeFiles/test_condition_transform_available.dir/test_transform_available.cpp.o[0m
[ 53%] [32m[1mLinking CXX executable test_condition_distance_traveled[0m
[ 53%] Built target test_condition_distance_traveled
[ 54%] [32mBuilding CXX object CMakeFiles/nav2_distance_controller_bt_node.dir/plugins/decorator/distance_controller.cpp.o[0m
[ 55%] [32mBuilding CXX object test/plugins/condition/CMakeFiles/test_condition_is_stuck.dir/test_is_stuck.cpp.o[0m
[ 56%] [32m[1mLinking CXX shared library libnav2_clear_costmap_service_bt_node.so[0m
[ 57%] [32m[1mLinking CXX shared library libnav2_distance_controller_bt_node.so[0m
[ 57%] [32m[1mLinking CXX executable test_condition_initial_pose_received[0m
[ 57%] Built target nav2_clear_costmap_service_bt_node
[ 57%] Built target nav2_distance_controller_bt_node
[ 57%] Built target test_condition_initial_pose_received
[ 58%] [32m[1mLinking CXX executable test_condition_goal_updated[0m
[ 59%] [32m[1mLinking CXX executable test_condition_time_expired[0m
[ 59%] Built target test_condition_goal_updated
[ 59%] Built target test_condition_time_expired
[ 60%] [32m[1mLinking CXX executable test_condition_is_battery_low[0m
[ 60%] Built target test_condition_is_battery_low
[ 61%] [32m[1mLinking CXX executable test_condition_transform_available[0m
[ 61%] Built target test_condition_transform_available
[ 61%] [32m[1mLinking CXX executable test_condition_is_stuck[0m
[ 61%] Built target test_condition_is_stuck
[ 62%] [32mBuilding CXX object test/plugins/decorator/CMakeFiles/test_decorator_distance_controller.dir/test_distance_controller.cpp.o[0m
[ 63%] [32mBuilding CXX object test/plugins/control/CMakeFiles/test_control_round_robin_node.dir/test_round_robin_node.cpp.o[0m
[ 64%] [32mBuilding CXX object test/plugins/decorator/CMakeFiles/test_decorator_speed_controller.dir/test_speed_controller.cpp.o[0m
[ 65%] [32mBuilding CXX object test/plugins/decorator/CMakeFiles/test_decorator_rate_controller.dir/test_rate_controller.cpp.o[0m
[ 66%] [32mBuilding CXX object test/plugins/decorator/CMakeFiles/test_goal_updated_controller.dir/test_goal_updated_controller.cpp.o[0m
[ 67%] [32mBuilding CXX object test/plugins/decorator/CMakeFiles/test_goal_updater_node.dir/test_goal_updater_node.cpp.o[0m
[ 67%] [32m[1mLinking CXX executable test_decorator_distance_controller[0m
[ 67%] Built target test_decorator_distance_controller
[ 68%] [32m[1mLinking CXX executable test_control_round_robin_node[0m
[ 68%] Built target test_control_round_robin_node
[ 69%] [32m[1mLinking CXX executable test_decorator_rate_controller[0m
[ 69%] Built target test_decorator_rate_controller
[ 70%] [32m[1mLinking CXX executable test_goal_updater_node[0m
[ 70%] [32m[1mLinking CXX executable test_goal_updated_controller[0m
[ 70%] [32m[1mLinking CXX executable test_decorator_speed_controller[0m
[ 70%] Built target test_goal_updater_node
[ 70%] Built target test_goal_updated_controller
[ 70%] Built target test_decorator_speed_controller
[ 70%] [32mBuilding CXX object test/plugins/action/CMakeFiles/test_planner_selector_node.dir/test_planner_selector_node.cpp.o[0m
[ 71%] [32mBuilding CXX object test/plugins/action/CMakeFiles/test_action_spin_action.dir/test_spin_action.cpp.o[0m
[ 71%] [32mBuilding CXX object test/plugins/action/CMakeFiles/test_controller_selector_node.dir/test_controller_selector_node.cpp.o[0m
[ 72%] [32mBuilding CXX object test/plugins/action/CMakeFiles/test_goal_checker_selector_node.dir/test_goal_checker_selector_node.cpp.o[0m
[ 72%] [32mBuilding CXX object test/plugins/control/CMakeFiles/test_control_recovery_node.dir/test_recovery_node.cpp.o[0m
[ 73%] [32mBuilding CXX object test/plugins/control/CMakeFiles/test_control_pipeline_sequence.dir/test_pipeline_sequence.cpp.o[0m
[ 74%] [32m[1mLinking CXX executable test_planner_selector_node[0m
[ 74%] Built target test_planner_selector_node
[ 74%] [32m[1mLinking CXX executable test_action_spin_action[0m
[ 74%] Built target test_action_spin_action
[ 75%] [32m[1mLinking CXX executable test_controller_selector_node[0m
[ 75%] Built target test_controller_selector_node
[ 76%] [32m[1mLinking CXX executable test_goal_checker_selector_node[0m
[ 76%] Built target test_goal_checker_selector_node
[ 77%] [32m[1mLinking CXX executable test_control_recovery_node[0m
[ 77%] Built target test_control_recovery_node
[ 78%] [32mBuilding CXX object test/plugins/action/CMakeFiles/test_action_reinitialize_global_localization_service.dir/test_reinitialize_global_localization_service.cpp.o[0m
[ 79%] [32m[1mLinking CXX executable test_control_pipeline_sequence[0m
[ 79%] Built target test_control_pipeline_sequence
[ 79%] [32mBuilding CXX object test/plugins/action/CMakeFiles/test_action_compute_path_to_pose_action.dir/test_compute_path_to_pose_action.cpp.o[0m
[ 79%] [32mBuilding CXX object test/plugins/action/CMakeFiles/test_action_clear_costmap_service.dir/test_clear_costmap_service.cpp.o[0m
[ 80%] [32mBuilding CXX object test/plugins/action/CMakeFiles/test_action_wait_action.dir/test_wait_action.cpp.o[0m
[ 81%] [32mBuilding CXX object test/plugins/action/CMakeFiles/test_action_back_up_action.dir/test_back_up_action.cpp.o[0m
[ 81%] [32mBuilding CXX object test/plugins/decorator/CMakeFiles/test_single_trigger_node.dir/test_single_trigger_node.cpp.o[0m
make[2]: *** [test/plugins/decorator/CMakeFiles/test_single_trigger_node.dir/build.make:63: test/plugins/decorator/CMakeFiles/test_single_trigger_node.dir/test_single_trigger_node.cpp.o] Interrupt
make[2]: *** [test/plugins/action/CMakeFiles/test_action_clear_costmap_service.dir/build.make:63: test/plugins/action/CMakeFiles/test_action_clear_costmap_service.dir/test_clear_costmap_service.cpp.o] Interrupt
make[2]: *** [test/plugins/action/CMakeFiles/test_action_back_up_action.dir/build.make:63: test/plugins/action/CMakeFiles/test_action_back_up_action.dir/test_back_up_action.cpp.o] Interrupt
make[2]: *** [test/plugins/action/CMakeFiles/test_action_reinitialize_global_localization_service.dir/build.make:63: test/plugins/action/CMakeFiles/test_action_reinitialize_global_localization_service.dir/test_reinitialize_global_localization_service.cpp.o] Interrupt
make[1]: *** [CMakeFiles/Makefile2:1586: test/plugins/decorator/CMakeFiles/test_single_trigger_node.dir/all] Interrupt
make[1]: *** [CMakeFiles/Makefile2:2049: test/plugins/action/CMakeFiles/test_action_clear_costmap_service.dir/all] Interrupt
make[2]: *** wait: No child processes.  Stop.
make[2]: *** Waiting for unfinished jobs....
make[2]: *** wait: No child processes.  Stop.
make[1]: *** [CMakeFiles/Makefile2:2078: test/plugins/action/CMakeFiles/test_action_reinitialize_global_localization_service.dir/all] Interrupt
make[1]: *** [CMakeFiles/Makefile2:2020: test/plugins/action/CMakeFiles/test_action_wait_action.dir/all] Error 2
make[1]: *** [CMakeFiles/Makefile2:1991: test/plugins/action/CMakeFiles/test_action_back_up_action.dir/all] Interrupt
make[2]: *** [test/plugins/action/CMakeFiles/test_bt_action_node.dir/build.make:62: test/plugins/action/CMakeFiles/test_bt_action_node.dir/test_bt_action_node.cpp.o] Interrupt
make[2]: *** [test/plugins/action/CMakeFiles/test_action_compute_path_to_pose_action.dir/build.make:63: test/plugins/action/CMakeFiles/test_action_compute_path_to_pose_action.dir/test_compute_path_to_pose_action.cpp.o] Interrupt
make[1]: *** [CMakeFiles/Makefile2:2107: test/plugins/action/CMakeFiles/test_action_compute_path_to_pose_action.dir/all] Interrupt
make[1]: *** [CMakeFiles/Makefile2:1962: test/plugins/action/CMakeFiles/test_bt_action_node.dir/all] Interrupt
make: *** [Makefile:141: all] Interrupt
